<?xml version="1.0" encoding="UTF-8"?>
<testsuite xmlns:xsi="http://www.w3.org/2001/XMLSchema-instance" xsi:noNamespaceSchemaLocation="https://maven.apache.org/surefire/maven-surefire-plugin/xsd/surefire-test-report-3.0.xsd" version="3.0" name="com.example.demo.DemoApplicationTests" time="6.086" tests="1" errors="0" skipped="0" failures="0">
  <properties>
[...]
</properties>
  <testcase name="contextLoads" classname="com.example.demo.DemoApplicationTests" time="0.497">
    <system-out><![CDATA[04:31:38.952 [main] INFO org.springframework.test.context.support.AnnotationConfigContextLoaderUtils -- Could not detect default configuration classes for test class [com.example.demo.DemoApplicationTests]: DemoApplicationTests does not declare any static, non-private, non-final, nested classes annotated with @Configuration.
04:31:39.073 [main] INFO org.springframework.boot.test.context.SpringBootTestContextBootstrapper -- Found @SpringBootConfiguration com.example.demo.DemoApplication for test class com.example.demo.DemoApplicationTests

  .   ____          _            __ _ _
 /\\ / ___'_ __ _ _(_)_ __  __ _ \ \ \ \
( ( )\___ | '_ | '_| | '_ \/ _` | \ \ \ \
 \\/  ___)| |_)| | | | | || (_| |  ) ) ) )
  '  |____| .__|_| |_|_| |_\__, | / / / /
 =========|_|==============|___/=/_/_/_/

 :: Spring Boot ::                (v3.4.3)

2025-03-11T04:31:39.568+05:30  INFO 24572 --- [demo] [           main] com.example.demo.DemoApplicationTests    : Starting DemoApplicationTests using Java 21.0.6 with PID 24572 (started by erand in C:\Users\erand\OneDrive - University of Jaffna\myGit proj\spring boot\test1\copy\demo)
2025-03-11T04:31:39.569+05:30 DEBUG 24572 --- [demo] [           main] com.example.demo.DemoApplicationTests    : Running with Spring Boot v3.4.3, Spring v6.2.3
2025-03-11T04:31:39.570+05:30  INFO 24572 --- [demo] [           main] com.example.demo.DemoApplicationTests    : No active profile set, falling back to 1 default profile: "default"
2025-03-11T04:31:39.571+05:30 DEBUG 24572 --- [demo] [           main] o.s.boot.SpringApplication               : Loading source class com.example.demo.DemoApplication
2025-03-11T04:31:39.610+05:30 DEBUG 24572 --- [demo] [           main] o.s.w.c.s.GenericWebApplicationContext   : Refreshing org.springframework.web.context.support.GenericWebApplicationContext@77e2a6e2
2025-03-11T04:31:39.634+05:30 DEBUG 24572 --- [demo] [           main] o.s.b.f.s.DefaultListableBeanFactory     : Creating shared instance of singleton bean 'org.springframework.context.annotation.internalConfigurationAnnotationProcessor'
2025-03-11T04:31:39.655+05:30 DEBUG 24572 --- [demo] [           main] o.s.b.f.s.DefaultListableBeanFactory     : Creating shared instance of singleton bean 'org.springframework.boot.autoconfigure.internalCachingMetadataReaderFactory'
2025-03-11T04:31:39.706+05:30 DEBUG 24572 --- [demo] [           main] o.s.c.a.ClassPathBeanDefinitionScanner   : Identified candidate component class: file [C:\Users\erand\OneDrive - University of Jaffna\myGit proj\spring boot\test1\copy\demo\target\classes\com\example\demo\config\SecurityConfig.class]
2025-03-11T04:31:39.719+05:30 DEBUG 24572 --- [demo] [           main] o.s.c.a.ClassPathBeanDefinitionScanner   : Identified candidate component class: file [C:\Users\erand\OneDrive - University of Jaffna\myGit proj\spring boot\test1\copy\demo\target\classes\com\example\demo\Controller\EmployeeController.class]
2025-03-11T04:31:39.733+05:30 DEBUG 24572 --- [demo] [           main] o.s.c.a.ClassPathBeanDefinitionScanner   : Ignored because not a concrete top-level class: file [C:\Users\erand\OneDrive - University of Jaffna\myGit proj\spring boot\test1\copy\demo\target\classes\com\example\demo\Repo\EmployeeRepo.class]
2025-03-11T04:31:39.737+05:30 DEBUG 24572 --- [demo] [           main] o.s.c.a.ClassPathBeanDefinitionScanner   : Identified candidate component class: file [C:\Users\erand\OneDrive - University of Jaffna\myGit proj\spring boot\test1\copy\demo\target\classes\com\example\demo\Service\impl\EmployeeServiceImpl.class]
2025-03-11T04:31:40.337+05:30  INFO 24572 --- [demo] [           main] .s.d.r.c.RepositoryConfigurationDelegate : Bootstrapping Spring Data JPA repositories in DEFAULT mode.
2025-03-11T04:31:40.347+05:30 DEBUG 24572 --- [demo] [           main] o.s.b.f.s.DefaultListableBeanFactory     : Creating shared instance of singleton bean 'org.springframework.boot.autoconfigure.AutoConfigurationPackages'
2025-03-11T04:31:40.355+05:30 DEBUG 24572 --- [demo] [           main] o.s.b.a.AutoConfigurationPackages        : @EnableAutoConfiguration was declared on a class in the package 'com.example.demo'. Automatic @Repository and @Entity scanning is enabled.
2025-03-11T04:31:40.356+05:30 DEBUG 24572 --- [demo] [           main] .s.d.r.c.RepositoryConfigurationDelegate : Scanning for JPA repositories in packages com.example.demo.
2025-03-11T04:31:40.370+05:30 DEBUG 24572 --- [demo] [           main] o.s.d.r.c.RepositoryComponentProvider    : Identified candidate component class: file [C:\Users\erand\OneDrive - University of Jaffna\myGit proj\spring boot\test1\copy\demo\target\classes\com\example\demo\Repo\EmployeeRepo.class]
2025-03-11T04:31:40.399+05:30 DEBUG 24572 --- [demo] [           main] ssPathScanningCandidateComponentProvider : Identified candidate component class: file [C:\Users\erand\OneDrive - University of Jaffna\myGit proj\spring boot\test1\copy\demo\target\classes\com\example\demo\Service\impl\EmployeeServiceImpl.class]
2025-03-11T04:31:40.411+05:30  INFO 24572 --- [demo] [           main] .s.d.r.c.RepositoryConfigurationDelegate : Finished Spring Data repository scanning in 52 ms. Found 1 JPA repository interface.
2025-03-11T04:31:40.528+05:30 DEBUG 24572 --- [demo] [           main] o.s.b.f.s.DefaultListableBeanFactory     : Creating shared instance of singleton bean 'springSecurityHandlerMappingIntrospectorBeanDefinitionRegistryPostProcessor'
2025-03-11T04:31:40.631+05:30 DEBUG 24572 --- [demo] [           main] o.s.b.f.s.DefaultListableBeanFactory     : Creating shared instance of singleton bean 'propertySourcesPlaceholderConfigurer'
2025-03-11T04:31:40.637+05:30 DEBUG 24572 --- [demo] [           main] o.s.b.f.s.DefaultListableBeanFactory     : Creating shared instance of singleton bean 'org.springframework.boot.test.mock.mockito.MockitoPostProcessor'
2025-03-11T04:31:40.640+05:30 DEBUG 24572 --- [demo] [           main] o.s.b.f.s.DefaultListableBeanFactory     : Creating shared instance of singleton bean 'emBeanDefinitionRegistrarPostProcessor'
2025-03-11T04:31:40.640+05:30 DEBUG 24572 --- [demo] [           main] o.s.b.f.s.DefaultListableBeanFactory     : Creating shared instance of singleton bean 'org.springframework.boot.sql.init.dependency.DatabaseInitializationDependencyConfigurer$DependsOnDatabaseInitializationPostProcessor'
2025-03-11T04:31:40.687+05:30 DEBUG 24572 --- [demo] [           main] o.s.b.f.s.DefaultListableBeanFactory     : Creating shared instance of singleton bean 'org.springframework.context.event.internalEventListenerProcessor'
2025-03-11T04:31:40.689+05:30 DEBUG 24572 --- [demo] [           main] o.s.b.f.s.DefaultListableBeanFactory     : Creating shared instance of singleton bean 'conversionServicePostProcessor'
2025-03-11T04:31:40.723+05:30 DEBUG 24572 --- [demo] [           main] o.s.b.f.s.DefaultListableBeanFactory     : Creating shared instance of singleton bean 'preserveErrorControllerTargetClassPostProcessor'
2025-03-11T04:31:40.724+05:30 DEBUG 24572 --- [demo] [           main] o.s.b.f.s.DefaultListableBeanFactory     : Creating shared instance of singleton bean 'org.springframework.context.event.internalEventListenerFactory'
2025-03-11T04:31:40.725+05:30 DEBUG 24572 --- [demo] [           main] o.s.b.f.s.DefaultListableBeanFactory     : Creating shared instance of singleton bean 'org.springframework.transaction.config.internalTransactionalEventListenerFactory'
2025-03-11T04:31:40.728+05:30 DEBUG 24572 --- [demo] [           main] o.s.b.f.s.DefaultListableBeanFactory     : Creating shared instance of singleton bean 'org.springframework.boot.test.mock.mockito.MockitoPostProcessor$SpyPostProcessor'
2025-03-11T04:31:40.730+05:30 DEBUG 24572 --- [demo] [           main] o.s.b.f.s.DefaultListableBeanFactory     : Creating shared instance of singleton bean 'org.springframework.context.annotation.internalAutowiredAnnotationProcessor'
2025-03-11T04:31:40.733+05:30 DEBUG 24572 --- [demo] [           main] o.s.b.f.s.DefaultListableBeanFactory     : Creating shared instance of singleton bean 'org.springframework.context.annotation.internalCommonAnnotationProcessor'
2025-03-11T04:31:40.737+05:30 DEBUG 24572 --- [demo] [           main] o.s.b.f.s.DefaultListableBeanFactory     : Creating shared instance of singleton bean 'org.springframework.context.annotation.internalPersistenceAnnotationProcessor'
2025-03-11T04:31:40.738+05:30 DEBUG 24572 --- [demo] [           main] o.s.b.f.s.DefaultListableBeanFactory     : Creating shared instance of singleton bean 'org.springframework.boot.context.properties.ConfigurationPropertiesBindingPostProcessor'
2025-03-11T04:31:40.739+05:30 DEBUG 24572 --- [demo] [           main] o.s.b.f.s.DefaultListableBeanFactory     : Creating shared instance of singleton bean 'org.springframework.boot.context.internalConfigurationPropertiesBinder'
2025-03-11T04:31:40.741+05:30 DEBUG 24572 --- [demo] [           main] o.s.b.f.s.DefaultListableBeanFactory     : Creating shared instance of singleton bean 'jdbcConnectionDetailsHikariBeanPostProcessor'
2025-03-11T04:31:40.747+05:30 DEBUG 24572 --- [demo] [           main] o.s.b.f.s.DefaultListableBeanFactory     : Creating shared instance of singleton bean 'org.springframework.aop.config.internalAutoProxyCreator'
2025-03-11T04:31:40.778+05:30 DEBUG 24572 --- [demo] [           main] o.s.b.f.s.DefaultListableBeanFactory     : Creating shared instance of singleton bean 'persistenceExceptionTranslationPostProcessor'
2025-03-11T04:31:40.781+05:30 DEBUG 24572 --- [demo] [           main] o.s.b.f.s.DefaultListableBeanFactory     : Autowiring by type from bean name 'persistenceExceptionTranslationPostProcessor' via factory method to bean named 'environment'
2025-03-11T04:31:40.786+05:30 DEBUG 24572 --- [demo] [           main] o.s.b.f.s.DefaultListableBeanFactory     : Creating shared instance of singleton bean 'webServerFactoryCustomizerBeanPostProcessor'
2025-03-11T04:31:40.787+05:30 DEBUG 24572 --- [demo] [           main] o.s.b.f.s.DefaultListableBeanFactory     : Creating shared instance of singleton bean 'errorPageRegistrarBeanPostProcessor'
2025-03-11T04:31:40.787+05:30 DEBUG 24572 --- [demo] [           main] o.s.b.f.s.DefaultListableBeanFactory     : Creating shared instance of singleton bean 'projectingArgumentResolverBeanPostProcessor'
2025-03-11T04:31:40.789+05:30 DEBUG 24572 --- [demo] [           main] o.s.b.f.s.DefaultListableBeanFactory     : Creating shared instance of singleton bean 'org.springframework.transaction.config.internalTransactionAdvisor'
2025-03-11T04:31:40.789+05:30 DEBUG 24572 --- [demo] [           main] o.s.b.f.s.DefaultListableBeanFactory     : Creating shared instance of singleton bean 'org.springframework.transaction.annotation.ProxyTransactionManagementConfiguration'
2025-03-11T04:31:40.808+05:30 DEBUG 24572 --- [demo] [           main] o.s.b.f.s.DefaultListableBeanFactory     : Creating shared instance of singleton bean 'transactionAttributeSource'
2025-03-11T04:31:40.810+05:30 DEBUG 24572 --- [demo] [           main] o.s.b.f.s.DefaultListableBeanFactory     : Creating shared instance of singleton bean 'transactionInterceptor'
2025-03-11T04:31:40.811+05:30 DEBUG 24572 --- [demo] [           main] o.s.b.f.s.DefaultListableBeanFactory     : Autowiring by type from bean name 'transactionInterceptor' via factory method to bean named 'transactionAttributeSource'
2025-03-11T04:31:40.817+05:30 DEBUG 24572 --- [demo] [           main] o.s.b.f.s.DefaultListableBeanFactory     : Autowiring by type from bean name 'org.springframework.transaction.config.internalTransactionAdvisor' via factory method to bean named 'transactionAttributeSource'
2025-03-11T04:31:40.817+05:30 DEBUG 24572 --- [demo] [           main] o.s.b.f.s.DefaultListableBeanFactory     : Autowiring by type from bean name 'org.springframework.transaction.config.internalTransactionAdvisor' via factory method to bean named 'transactionInterceptor'
2025-03-11T04:31:40.846+05:30 DEBUG 24572 --- [demo] [           main] o.s.u.c.s.UiApplicationContextUtils      : Unable to locate ThemeSource with name 'themeSource': using default [org.springframework.ui.context.support.ResourceBundleThemeSource@6707a4bf]
2025-03-11T04:31:40.847+05:30 DEBUG 24572 --- [demo] [           main] o.s.b.f.s.DefaultListableBeanFactory     : Creating shared instance of singleton bean 'org.springframework.test.context.support.internalDynamicPropertyRegistrarBeanInitializer'
2025-03-11T04:31:40.850+05:30 DEBUG 24572 --- [demo] [           main] o.s.b.f.s.DefaultListableBeanFactory     : Creating shared instance of singleton bean 'dataSourceScriptDatabaseInitializer'
2025-03-11T04:31:40.851+05:30 DEBUG 24572 --- [demo] [           main] o.s.b.f.s.DefaultListableBeanFactory     : Creating shared instance of singleton bean 'org.springframework.boot.autoconfigure.sql.init.DataSourceInitializationConfiguration'
2025-03-11T04:31:40.852+05:30 DEBUG 24572 --- [demo] [           main] o.s.b.f.s.DefaultListableBeanFactory     : Creating shared instance of singleton bean 'dataSource'
2025-03-11T04:31:40.852+05:30 DEBUG 24572 --- [demo] [           main] o.s.b.f.s.DefaultListableBeanFactory     : Creating shared instance of singleton bean 'org.springframework.boot.autoconfigure.jdbc.DataSourceConfiguration$Hikari'
2025-03-11T04:31:40.854+05:30 DEBUG 24572 --- [demo] [           main] o.s.b.f.s.DefaultListableBeanFactory     : Creating shared instance of singleton bean 'spring.datasource-org.springframework.boot.autoconfigure.jdbc.DataSourceProperties'
2025-03-11T04:31:40.856+05:30 DEBUG 24572 --- [demo] [           main] o.s.b.f.s.DefaultListableBeanFactory     : Creating shared instance of singleton bean 'org.springframework.boot.context.properties.BoundConfigurationProperties'
2025-03-11T04:31:40.876+05:30 DEBUG 24572 --- [demo] [           main] o.s.b.f.s.DefaultListableBeanFactory     : Creating shared instance of singleton bean 'jdbcConnectionDetails'
2025-03-11T04:31:40.876+05:30 DEBUG 24572 --- [demo] [           main] o.s.b.f.s.DefaultListableBeanFactory     : Creating shared instance of singleton bean 'org.springframework.boot.autoconfigure.jdbc.DataSourceAutoConfiguration$PooledDataSourceConfiguration'
2025-03-11T04:31:40.877+05:30 DEBUG 24572 --- [demo] [           main] o.s.b.f.s.DefaultListableBeanFactory     : Autowiring by type from bean name 'jdbcConnectionDetails' via factory method to bean named 'spring.datasource-org.springframework.boot.autoconfigure.jdbc.DataSourceProperties'
2025-03-11T04:31:40.878+05:30 DEBUG 24572 --- [demo] [           main] o.s.b.f.s.DefaultListableBeanFactory     : Autowiring by type from bean name 'dataSource' via factory method to bean named 'spring.datasource-org.springframework.boot.autoconfigure.jdbc.DataSourceProperties'
2025-03-11T04:31:40.879+05:30 DEBUG 24572 --- [demo] [           main] o.s.b.f.s.DefaultListableBeanFactory     : Autowiring by type from bean name 'dataSource' via factory method to bean named 'jdbcConnectionDetails'
2025-03-11T04:31:40.883+05:30 DEBUG 24572 --- [demo] [           main] com.zaxxer.hikari.HikariConfig           : Driver class com.mysql.cj.jdbc.Driver found in Thread context class loader jdk.internal.loader.ClassLoaders$AppClassLoader@70dea4e
2025-03-11T04:31:40.909+05:30 DEBUG 24572 --- [demo] [           main] o.s.b.f.s.DefaultListableBeanFactory     : Creating shared instance of singleton bean 'spring.sql.init-org.springframework.boot.autoconfigure.sql.init.SqlInitializationProperties'
2025-03-11T04:31:40.915+05:30 DEBUG 24572 --- [demo] [           main] o.s.b.f.s.DefaultListableBeanFactory     : Autowiring by type from bean name 'dataSourceScriptDatabaseInitializer' via factory method to bean named 'dataSource'
2025-03-11T04:31:40.915+05:30 DEBUG 24572 --- [demo] [           main] o.s.b.f.s.DefaultListableBeanFactory     : Autowiring by type from bean name 'dataSourceScriptDatabaseInitializer' via factory method to bean named 'spring.sql.init-org.springframework.boot.autoconfigure.sql.init.SqlInitializationProperties'
2025-03-11T04:31:40.920+05:30 DEBUG 24572 --- [demo] [           main] o.s.b.f.s.DefaultListableBeanFactory     : Creating shared instance of singleton bean 'entityManagerFactory'
2025-03-11T04:31:40.920+05:30 DEBUG 24572 --- [demo] [           main] o.s.b.f.s.DefaultListableBeanFactory     : Creating shared instance of singleton bean 'org.springframework.boot.autoconfigure.orm.jpa.HibernateJpaConfiguration'
2025-03-11T04:31:40.921+05:30 DEBUG 24572 --- [demo] [           main] o.s.b.f.s.DefaultListableBeanFactory     : Creating shared instance of singleton bean 'spring.jpa-org.springframework.boot.autoconfigure.orm.jpa.JpaProperties'
2025-03-11T04:31:40.927+05:30 DEBUG 24572 --- [demo] [           main] o.s.b.f.s.DefaultListableBeanFactory     : Creating shared instance of singleton bean 'spring.jpa.hibernate-org.springframework.boot.autoconfigure.orm.jpa.HibernateProperties'
2025-03-11T04:31:40.928+05:30 DEBUG 24572 --- [demo] [           main] o.s.b.f.s.DefaultListableBeanFactory     : Autowiring by type from bean name 'org.springframework.boot.autoconfigure.orm.jpa.HibernateJpaConfiguration' via constructor to bean named 'dataSource'
2025-03-11T04:31:40.929+05:30 DEBUG 24572 --- [demo] [           main] o.s.b.f.s.DefaultListableBeanFactory     : Autowiring by type from bean name 'org.springframework.boot.autoconfigure.orm.jpa.HibernateJpaConfiguration' via constructor to bean named 'spring.jpa-org.springframework.boot.autoconfigure.orm.jpa.JpaProperties'
2025-03-11T04:31:40.929+05:30 DEBUG 24572 --- [demo] [           main] o.s.b.f.s.DefaultListableBeanFactory     : Autowiring by type from bean name 'org.springframework.boot.autoconfigure.orm.jpa.HibernateJpaConfiguration' via constructor to bean named 'org.springframework.beans.factory.support.DefaultListableBeanFactory@1813f3e9'
2025-03-11T04:31:40.929+05:30 DEBUG 24572 --- [demo] [           main] o.s.b.f.s.DefaultListableBeanFactory     : Autowiring by type from bean name 'org.springframework.boot.autoconfigure.orm.jpa.HibernateJpaConfiguration' via constructor to bean named 'spring.jpa.hibernate-org.springframework.boot.autoconfigure.orm.jpa.HibernateProperties'
2025-03-11T04:31:40.933+05:30 DEBUG 24572 --- [demo] [           main] o.s.b.f.s.DefaultListableBeanFactory     : Creating shared instance of singleton bean 'hikariPoolDataSourceMetadataProvider'
2025-03-11T04:31:40.934+05:30 DEBUG 24572 --- [demo] [           main] o.s.b.f.s.DefaultListableBeanFactory     : Creating shared instance of singleton bean 'org.springframework.boot.autoconfigure.jdbc.metadata.DataSourcePoolMetadataProvidersConfiguration$HikariPoolDataSourceMetadataProviderConfiguration'
2025-03-11T04:31:40.943+05:30 DEBUG 24572 --- [demo] [           main] o.s.b.f.s.DefaultListableBeanFactory     : Creating shared instance of singleton bean 'entityManagerFactoryBuilder'
2025-03-11T04:31:40.945+05:30 DEBUG 24572 --- [demo] [           main] o.s.b.f.s.DefaultListableBeanFactory     : Creating shared instance of singleton bean 'jpaVendorAdapter'
2025-03-11T04:31:40.967+05:30 DEBUG 24572 --- [demo] [           main] org.jboss.logging                        : Logging Provider: org.jboss.logging.Slf4jLoggerProvider found via system property
2025-03-11T04:31:40.973+05:30 DEBUG 24572 --- [demo] [           main] o.s.b.f.s.DefaultListableBeanFactory     : Autowiring by type from bean name 'entityManagerFactoryBuilder' via factory method to bean named 'jpaVendorAdapter'
2025-03-11T04:31:40.983+05:30 DEBUG 24572 --- [demo] [           main] o.s.b.f.s.DefaultListableBeanFactory     : Creating shared instance of singleton bean 'persistenceManagedTypes'
2025-03-11T04:31:40.985+05:30 DEBUG 24572 --- [demo] [           main] o.s.b.f.s.DefaultListableBeanFactory     : Autowiring by type from bean name 'persistenceManagedTypes' via factory method to bean named 'org.springframework.beans.factory.support.DefaultListableBeanFactory@1813f3e9'
2025-03-11T04:31:40.985+05:30 DEBUG 24572 --- [demo] [           main] o.s.b.f.s.DefaultListableBeanFactory     : Autowiring by type from bean name 'persistenceManagedTypes' via factory method to bean named 'org.springframework.web.context.support.GenericWebApplicationContext@77e2a6e2'
2025-03-11T04:31:40.997+05:30 DEBUG 24572 --- [demo] [           main] o.s.b.f.s.DefaultListableBeanFactory     : Autowiring by type from bean name 'entityManagerFactory' via factory method to bean named 'entityManagerFactoryBuilder'
2025-03-11T04:31:40.997+05:30 DEBUG 24572 --- [demo] [           main] o.s.b.f.s.DefaultListableBeanFactory     : Autowiring by type from bean name 'entityManagerFactory' via factory method to bean named 'persistenceManagedTypes'
2025-03-11T04:31:41.011+05:30 DEBUG 24572 --- [demo] [           main] j.LocalContainerEntityManagerFactoryBean : Building JPA container EntityManagerFactory for persistence unit 'default'
2025-03-11T04:31:41.040+05:30 DEBUG 24572 --- [demo] [           main] o.hibernate.jpa.internal.util.LogHelper  : PersistenceUnitInfo [
	name: default
	persistence provider classname: null
	classloader: jdk.internal.loader.ClassLoaders$AppClassLoader@70dea4e
	excludeUnlistedClasses: true
	JTA datasource: null
	Non JTA datasource: HikariDataSource (null)
	Transaction type: RESOURCE_LOCAL
	PU root URL: file:/C:/Users/erand/OneDrive%20-%20University%20of%20Jaffna/myGit%20proj/spring%20boot/test1/copy/demo/target/test-classes/
	Shared Cache Mode: UNSPECIFIED
	Validation Mode: AUTO
	Jar files URLs []
	Managed classes names [
		com.example.demo.Entity.Employee]
	Mapping files names []
	Properties []
2025-03-11T04:31:41.050+05:30 DEBUG 24572 --- [demo] [           main] o.h.i.internal.IntegratorServiceImpl     : Adding Integrator [org.hibernate.boot.beanvalidation.BeanValidationIntegrator].
2025-03-11T04:31:41.051+05:30 DEBUG 24572 --- [demo] [           main] o.h.i.internal.IntegratorServiceImpl     : Adding Integrator [org.hibernate.cache.internal.CollectionCacheInvalidator].
2025-03-11T04:31:41.106+05:30  INFO 24572 --- [demo] [           main] org.hibernate.Version                    : HHH000412: Hibernate ORM core version 6.6.8.Final
2025-03-11T04:31:41.107+05:30 DEBUG 24572 --- [demo] [           main] org.hibernate.cfg.Environment            : HHH000206: 'hibernate.properties' not found
2025-03-11T04:31:41.133+05:30 DEBUG 24572 --- [demo] [           main] org.hibernate.orm.idgen.factory          : Registering IdentifierGenerator strategy [uuid2] -> [org.hibernate.id.UUIDGenerator]
2025-03-11T04:31:41.133+05:30 DEBUG 24572 --- [demo] [           main] org.hibernate.orm.idgen.factory          : Registering IdentifierGenerator strategy [guid] -> [org.hibernate.id.GUIDGenerator]
2025-03-11T04:31:41.134+05:30 DEBUG 24572 --- [demo] [           main] org.hibernate.orm.idgen.factory          : Registering IdentifierGenerator strategy [uuid] -> [org.hibernate.id.UUIDHexGenerator]
2025-03-11T04:31:41.134+05:30 DEBUG 24572 --- [demo] [           main] org.hibernate.orm.idgen.factory          : Registering IdentifierGenerator strategy [uuid.hex] -> [org.hibernate.id.UUIDHexGenerator]
2025-03-11T04:31:41.135+05:30 DEBUG 24572 --- [demo] [           main] org.hibernate.orm.idgen.factory          : Registering IdentifierGenerator strategy [assigned] -> [org.hibernate.id.Assigned]
2025-03-11T04:31:41.136+05:30 DEBUG 24572 --- [demo] [           main] org.hibernate.orm.idgen.factory          : Registering IdentifierGenerator strategy [identity] -> [org.hibernate.id.IdentityGenerator]
2025-03-11T04:31:41.136+05:30 DEBUG 24572 --- [demo] [           main] org.hibernate.orm.idgen.factory          : Registering IdentifierGenerator strategy [select] -> [org.hibernate.id.SelectGenerator]
2025-03-11T04:31:41.137+05:30 DEBUG 24572 --- [demo] [           main] org.hibernate.orm.idgen.factory          : Registering IdentifierGenerator strategy [sequence] -> [org.hibernate.id.enhanced.SequenceStyleGenerator]
2025-03-11T04:31:41.138+05:30 DEBUG 24572 --- [demo] [           main] org.hibernate.orm.idgen.factory          : Registering IdentifierGenerator strategy [increment] -> [org.hibernate.id.IncrementGenerator]
2025-03-11T04:31:41.138+05:30 DEBUG 24572 --- [demo] [           main] org.hibernate.orm.idgen.factory          : Registering IdentifierGenerator strategy [foreign] -> [org.hibernate.id.ForeignGenerator]
2025-03-11T04:31:41.138+05:30 DEBUG 24572 --- [demo] [           main] org.hibernate.orm.idgen.factory          : Registering IdentifierGenerator strategy [enhanced-sequence] -> [org.hibernate.id.enhanced.SequenceStyleGenerator]
2025-03-11T04:31:41.139+05:30 DEBUG 24572 --- [demo] [           main] org.hibernate.orm.idgen.factory          : Registering IdentifierGenerator strategy [enhanced-table] -> [org.hibernate.id.enhanced.TableGenerator]
2025-03-11T04:31:41.146+05:30 DEBUG 24572 --- [demo] [           main] o.h.c.internal.RegionFactoryInitiator    : Cannot default RegionFactory based on registered strategies as `[]` RegionFactory strategies were registered
2025-03-11T04:31:41.147+05:30  INFO 24572 --- [demo] [           main] o.h.c.internal.RegionFactoryInitiator    : HHH000026: Second-level cache disabled
2025-03-11T04:31:41.270+05:30 DEBUG 24572 --- [demo] [           main] org.hibernate.type.BasicTypeRegistry     : Adding type registration boolean -> org.hibernate.type.BasicTypeReference@5cfed0ba
2025-03-11T04:31:41.270+05:30 DEBUG 24572 --- [demo] [           main] org.hibernate.type.BasicTypeRegistry     : Adding type registration boolean -> org.hibernate.type.BasicTypeReference@5cfed0ba
2025-03-11T04:31:41.271+05:30 DEBUG 24572 --- [demo] [           main] org.hibernate.type.BasicTypeRegistry     : Adding type registration java.lang.Boolean -> org.hibernate.type.BasicTypeReference@5cfed0ba
2025-03-11T04:31:41.271+05:30 DEBUG 24572 --- [demo] [           main] org.hibernate.type.BasicTypeRegistry     : Adding type registration numeric_boolean -> org.hibernate.type.BasicTypeReference@5c8d58ed
2025-03-11T04:31:41.271+05:30 DEBUG 24572 --- [demo] [           main] org.hibernate.type.BasicTypeRegistry     : Adding type registration org.hibernate.type.NumericBooleanConverter -> org.hibernate.type.BasicTypeReference@5c8d58ed
2025-03-11T04:31:41.271+05:30 DEBUG 24572 --- [demo] [           main] org.hibernate.type.BasicTypeRegistry     : Adding type registration true_false -> org.hibernate.type.BasicTypeReference@6a567f7b
2025-03-11T04:31:41.271+05:30 DEBUG 24572 --- [demo] [           main] org.hibernate.type.BasicTypeRegistry     : Adding type registration org.hibernate.type.TrueFalseConverter -> org.hibernate.type.BasicTypeReference@6a567f7b
2025-03-11T04:31:41.271+05:30 DEBUG 24572 --- [demo] [           main] org.hibernate.type.BasicTypeRegistry     : Adding type registration yes_no -> org.hibernate.type.BasicTypeReference@28be7fec
2025-03-11T04:31:41.271+05:30 DEBUG 24572 --- [demo] [           main] org.hibernate.type.BasicTypeRegistry     : Adding type registration org.hibernate.type.YesNoConverter -> org.hibernate.type.BasicTypeReference@28be7fec
2025-03-11T04:31:41.271+05:30 DEBUG 24572 --- [demo] [           main] org.hibernate.type.BasicTypeRegistry     : Adding type registration byte -> org.hibernate.type.BasicTypeReference@26f0141
2025-03-11T04:31:41.271+05:30 DEBUG 24572 --- [demo] [           main] org.hibernate.type.BasicTypeRegistry     : Adding type registration byte -> org.hibernate.type.BasicTypeReference@26f0141
2025-03-11T04:31:41.272+05:30 DEBUG 24572 --- [demo] [           main] org.hibernate.type.BasicTypeRegistry     : Adding type registration java.lang.Byte -> org.hibernate.type.BasicTypeReference@26f0141
2025-03-11T04:31:41.272+05:30 DEBUG 24572 --- [demo] [           main] org.hibernate.type.BasicTypeRegistry     : Adding type registration binary -> org.hibernate.type.BasicTypeReference@34136bd1
2025-03-11T04:31:41.272+05:30 DEBUG 24572 --- [demo] [           main] org.hibernate.type.BasicTypeRegistry     : Adding type registration byte[] -> org.hibernate.type.BasicTypeReference@34136bd1
2025-03-11T04:31:41.272+05:30 DEBUG 24572 --- [demo] [           main] org.hibernate.type.BasicTypeRegistry     : Adding type registration [B -> org.hibernate.type.BasicTypeReference@34136bd1
2025-03-11T04:31:41.272+05:30 DEBUG 24572 --- [demo] [           main] org.hibernate.type.BasicTypeRegistry     : Adding type registration binary_wrapper -> org.hibernate.type.BasicTypeReference@6de7778f
2025-03-11T04:31:41.272+05:30 DEBUG 24572 --- [demo] [           main] org.hibernate.type.BasicTypeRegistry     : Adding type registration wrapper-binary -> org.hibernate.type.BasicTypeReference@6de7778f
2025-03-11T04:31:41.272+05:30 DEBUG 24572 --- [demo] [           main] org.hibernate.type.BasicTypeRegistry     : Adding type registration image -> org.hibernate.type.BasicTypeReference@367d34c0
2025-03-11T04:31:41.272+05:30 DEBUG 24572 --- [demo] [           main] org.hibernate.type.BasicTypeRegistry     : Adding type registration blob -> org.hibernate.type.BasicTypeReference@4ce25e47
2025-03-11T04:31:41.272+05:30 DEBUG 24572 --- [demo] [           main] org.hibernate.type.BasicTypeRegistry     : Adding type registration java.sql.Blob -> org.hibernate.type.BasicTypeReference@4ce25e47
2025-03-11T04:31:41.273+05:30 DEBUG 24572 --- [demo] [           main] org.hibernate.type.BasicTypeRegistry     : Adding type registration materialized_blob -> org.hibernate.type.BasicTypeReference@6380e9e9
2025-03-11T04:31:41.273+05:30 DEBUG 24572 --- [demo] [           main] org.hibernate.type.BasicTypeRegistry     : Adding type registration materialized_blob_wrapper -> org.hibernate.type.BasicTypeReference@350da119
2025-03-11T04:31:41.273+05:30 DEBUG 24572 --- [demo] [           main] org.hibernate.type.BasicTypeRegistry     : Adding type registration short -> org.hibernate.type.BasicTypeReference@6a09484c
2025-03-11T04:31:41.273+05:30 DEBUG 24572 --- [demo] [           main] org.hibernate.type.BasicTypeRegistry     : Adding type registration short -> org.hibernate.type.BasicTypeReference@6a09484c
2025-03-11T04:31:41.273+05:30 DEBUG 24572 --- [demo] [           main] org.hibernate.type.BasicTypeRegistry     : Adding type registration java.lang.Short -> org.hibernate.type.BasicTypeReference@6a09484c
2025-03-11T04:31:41.273+05:30 DEBUG 24572 --- [demo] [           main] org.hibernate.type.BasicTypeRegistry     : Adding type registration integer -> org.hibernate.type.BasicTypeReference@34c7232c
2025-03-11T04:31:41.273+05:30 DEBUG 24572 --- [demo] [           main] org.hibernate.type.BasicTypeRegistry     : Adding type registration int -> org.hibernate.type.BasicTypeReference@34c7232c
2025-03-11T04:31:41.273+05:30 DEBUG 24572 --- [demo] [           main] org.hibernate.type.BasicTypeRegistry     : Adding type registration java.lang.Integer -> org.hibernate.type.BasicTypeReference@34c7232c
2025-03-11T04:31:41.274+05:30 DEBUG 24572 --- [demo] [           main] org.hibernate.type.BasicTypeRegistry     : Adding type registration long -> org.hibernate.type.BasicTypeReference@50ec4bfc
2025-03-11T04:31:41.274+05:30 DEBUG 24572 --- [demo] [           main] org.hibernate.type.BasicTypeRegistry     : Adding type registration long -> org.hibernate.type.BasicTypeReference@50ec4bfc
2025-03-11T04:31:41.274+05:30 DEBUG 24572 --- [demo] [           main] org.hibernate.type.BasicTypeRegistry     : Adding type registration java.lang.Long -> org.hibernate.type.BasicTypeReference@50ec4bfc
2025-03-11T04:31:41.274+05:30 DEBUG 24572 --- [demo] [           main] org.hibernate.type.BasicTypeRegistry     : Adding type registration float -> org.hibernate.type.BasicTypeReference@8b13d91
2025-03-11T04:31:41.274+05:30 DEBUG 24572 --- [demo] [           main] org.hibernate.type.BasicTypeRegistry     : Adding type registration float -> org.hibernate.type.BasicTypeReference@8b13d91
2025-03-11T04:31:41.274+05:30 DEBUG 24572 --- [demo] [           main] org.hibernate.type.BasicTypeRegistry     : Adding type registration java.lang.Float -> org.hibernate.type.BasicTypeReference@8b13d91
2025-03-11T04:31:41.274+05:30 DEBUG 24572 --- [demo] [           main] org.hibernate.type.BasicTypeRegistry     : Adding type registration double -> org.hibernate.type.BasicTypeReference@285a4fe3
2025-03-11T04:31:41.274+05:30 DEBUG 24572 --- [demo] [           main] org.hibernate.type.BasicTypeRegistry     : Adding type registration double -> org.hibernate.type.BasicTypeReference@285a4fe3
2025-03-11T04:31:41.274+05:30 DEBUG 24572 --- [demo] [           main] org.hibernate.type.BasicTypeRegistry     : Adding type registration java.lang.Double -> org.hibernate.type.BasicTypeReference@285a4fe3
2025-03-11T04:31:41.274+05:30 DEBUG 24572 --- [demo] [           main] org.hibernate.type.BasicTypeRegistry     : Adding type registration big_integer -> org.hibernate.type.BasicTypeReference@2589d787
2025-03-11T04:31:41.274+05:30 DEBUG 24572 --- [demo] [           main] org.hibernate.type.BasicTypeRegistry     : Adding type registration java.math.BigInteger -> org.hibernate.type.BasicTypeReference@2589d787
2025-03-11T04:31:41.275+05:30 DEBUG 24572 --- [demo] [           main] org.hibernate.type.BasicTypeRegistry     : Adding type registration big_decimal -> org.hibernate.type.BasicTypeReference@1788cb61
2025-03-11T04:31:41.275+05:30 DEBUG 24572 --- [demo] [           main] org.hibernate.type.BasicTypeRegistry     : Adding type registration java.math.BigDecimal -> org.hibernate.type.BasicTypeReference@1788cb61
2025-03-11T04:31:41.275+05:30 DEBUG 24572 --- [demo] [           main] org.hibernate.type.BasicTypeRegistry     : Adding type registration character -> org.hibernate.type.BasicTypeReference@16d431b4
2025-03-11T04:31:41.275+05:30 DEBUG 24572 --- [demo] [           main] org.hibernate.type.BasicTypeRegistry     : Adding type registration char -> org.hibernate.type.BasicTypeReference@16d431b4
2025-03-11T04:31:41.275+05:30 DEBUG 24572 --- [demo] [           main] org.hibernate.type.BasicTypeRegistry     : Adding type registration java.lang.Character -> org.hibernate.type.BasicTypeReference@16d431b4
2025-03-11T04:31:41.275+05:30 DEBUG 24572 --- [demo] [           main] org.hibernate.type.BasicTypeRegistry     : Adding type registration character_nchar -> org.hibernate.type.BasicTypeReference@6c0b51da
2025-03-11T04:31:41.275+05:30 DEBUG 24572 --- [demo] [           main] org.hibernate.type.BasicTypeRegistry     : Adding type registration string -> org.hibernate.type.BasicTypeReference@7558633
2025-03-11T04:31:41.275+05:30 DEBUG 24572 --- [demo] [           main] org.hibernate.type.BasicTypeRegistry     : Adding type registration java.lang.String -> org.hibernate.type.BasicTypeReference@7558633
2025-03-11T04:31:41.275+05:30 DEBUG 24572 --- [demo] [           main] org.hibernate.type.BasicTypeRegistry     : Adding type registration nstring -> org.hibernate.type.BasicTypeReference@5657967b
2025-03-11T04:31:41.275+05:30 DEBUG 24572 --- [demo] [           main] org.hibernate.type.BasicTypeRegistry     : Adding type registration characters -> org.hibernate.type.BasicTypeReference@61394494
2025-03-11T04:31:41.275+05:30 DEBUG 24572 --- [demo] [           main] org.hibernate.type.BasicTypeRegistry     : Adding type registration char[] -> org.hibernate.type.BasicTypeReference@61394494
2025-03-11T04:31:41.275+05:30 DEBUG 24572 --- [demo] [           main] org.hibernate.type.BasicTypeRegistry     : Adding type registration [C -> org.hibernate.type.BasicTypeReference@61394494
2025-03-11T04:31:41.275+05:30 DEBUG 24572 --- [demo] [           main] org.hibernate.type.BasicTypeRegistry     : Adding type registration wrapper-characters -> org.hibernate.type.BasicTypeReference@578a5ce8
2025-03-11T04:31:41.276+05:30 DEBUG 24572 --- [demo] [           main] org.hibernate.type.BasicTypeRegistry     : Adding type registration text -> org.hibernate.type.BasicTypeReference@7c453c34
2025-03-11T04:31:41.276+05:30 DEBUG 24572 --- [demo] [           main] org.hibernate.type.BasicTypeRegistry     : Adding type registration ntext -> org.hibernate.type.BasicTypeReference@16cb9989
2025-03-11T04:31:41.276+05:30 DEBUG 24572 --- [demo] [           main] org.hibernate.type.BasicTypeRegistry     : Adding type registration clob -> org.hibernate.type.BasicTypeReference@3dfd6220
2025-03-11T04:31:41.276+05:30 DEBUG 24572 --- [demo] [           main] org.hibernate.type.BasicTypeRegistry     : Adding type registration java.sql.Clob -> org.hibernate.type.BasicTypeReference@3dfd6220
2025-03-11T04:31:41.276+05:30 DEBUG 24572 --- [demo] [           main] org.hibernate.type.BasicTypeRegistry     : Adding type registration nclob -> org.hibernate.type.BasicTypeReference@3815146b
2025-03-11T04:31:41.276+05:30 DEBUG 24572 --- [demo] [           main] org.hibernate.type.BasicTypeRegistry     : Adding type registration java.sql.NClob -> org.hibernate.type.BasicTypeReference@3815146b
2025-03-11T04:31:41.276+05:30 DEBUG 24572 --- [demo] [           main] org.hibernate.type.BasicTypeRegistry     : Adding type registration materialized_clob -> org.hibernate.type.BasicTypeReference@6de43bc1
2025-03-11T04:31:41.276+05:30 DEBUG 24572 --- [demo] [           main] org.hibernate.type.BasicTypeRegistry     : Adding type registration materialized_clob_char_array -> org.hibernate.type.BasicTypeReference@27a9f025
2025-03-11T04:31:41.276+05:30 DEBUG 24572 --- [demo] [           main] org.hibernate.type.BasicTypeRegistry     : Adding type registration materialized_clob_character_array -> org.hibernate.type.BasicTypeReference@71936a92
2025-03-11T04:31:41.276+05:30 DEBUG 24572 --- [demo] [           main] org.hibernate.type.BasicTypeRegistry     : Adding type registration materialized_nclob -> org.hibernate.type.BasicTypeReference@61359e87
2025-03-11T04:31:41.277+05:30 DEBUG 24572 --- [demo] [           main] org.hibernate.type.BasicTypeRegistry     : Adding type registration materialized_nclob_character_array -> org.hibernate.type.BasicTypeReference@2dc39b53
2025-03-11T04:31:41.277+05:30 DEBUG 24572 --- [demo] [           main] org.hibernate.type.BasicTypeRegistry     : Adding type registration materialized_nclob_char_array -> org.hibernate.type.BasicTypeReference@45037e16
2025-03-11T04:31:41.277+05:30 DEBUG 24572 --- [demo] [           main] org.hibernate.type.BasicTypeRegistry     : Adding type registration Duration -> org.hibernate.type.BasicTypeReference@2f2e4bde
2025-03-11T04:31:41.277+05:30 DEBUG 24572 --- [demo] [           main] org.hibernate.type.BasicTypeRegistry     : Adding type registration java.time.Duration -> org.hibernate.type.BasicTypeReference@2f2e4bde
2025-03-11T04:31:41.277+05:30 DEBUG 24572 --- [demo] [           main] org.hibernate.type.BasicTypeRegistry     : Adding type registration LocalDateTime -> org.hibernate.type.BasicTypeReference@6222391a
2025-03-11T04:31:41.277+05:30 DEBUG 24572 --- [demo] [           main] org.hibernate.type.BasicTypeRegistry     : Adding type registration java.time.LocalDateTime -> org.hibernate.type.BasicTypeReference@6222391a
2025-03-11T04:31:41.277+05:30 DEBUG 24572 --- [demo] [           main] org.hibernate.type.BasicTypeRegistry     : Adding type registration LocalDate -> org.hibernate.type.BasicTypeReference@538a2f0e
2025-03-11T04:31:41.277+05:30 DEBUG 24572 --- [demo] [           main] org.hibernate.type.BasicTypeRegistry     : Adding type registration java.time.LocalDate -> org.hibernate.type.BasicTypeReference@538a2f0e
2025-03-11T04:31:41.278+05:30 DEBUG 24572 --- [demo] [           main] org.hibernate.type.BasicTypeRegistry     : Adding type registration LocalTime -> org.hibernate.type.BasicTypeReference@d2708a7
2025-03-11T04:31:41.278+05:30 DEBUG 24572 --- [demo] [           main] org.hibernate.type.BasicTypeRegistry     : Adding type registration java.time.LocalTime -> org.hibernate.type.BasicTypeReference@d2708a7
2025-03-11T04:31:41.278+05:30 DEBUG 24572 --- [demo] [           main] org.hibernate.type.BasicTypeRegistry     : Adding type registration OffsetDateTime -> org.hibernate.type.BasicTypeReference@508ad266
2025-03-11T04:31:41.278+05:30 DEBUG 24572 --- [demo] [           main] org.hibernate.type.BasicTypeRegistry     : Adding type registration java.time.OffsetDateTime -> org.hibernate.type.BasicTypeReference@508ad266
2025-03-11T04:31:41.278+05:30 DEBUG 24572 --- [demo] [           main] org.hibernate.type.BasicTypeRegistry     : Adding type registration OffsetDateTimeWithTimezone -> org.hibernate.type.BasicTypeReference@2313db84
2025-03-11T04:31:41.278+05:30 DEBUG 24572 --- [demo] [           main] org.hibernate.type.BasicTypeRegistry     : Adding type registration OffsetDateTimeWithoutTimezone -> org.hibernate.type.BasicTypeReference@216372b7
2025-03-11T04:31:41.278+05:30 DEBUG 24572 --- [demo] [           main] org.hibernate.type.BasicTypeRegistry     : Adding type registration OffsetTime -> org.hibernate.type.BasicTypeReference@14b4340c
2025-03-11T04:31:41.278+05:30 DEBUG 24572 --- [demo] [           main] org.hibernate.type.BasicTypeRegistry     : Adding type registration java.time.OffsetTime -> org.hibernate.type.BasicTypeReference@14b4340c
2025-03-11T04:31:41.278+05:30 DEBUG 24572 --- [demo] [           main] org.hibernate.type.BasicTypeRegistry     : Adding type registration OffsetTimeUtc -> org.hibernate.type.BasicTypeReference@12abcd1e
2025-03-11T04:31:41.278+05:30 DEBUG 24572 --- [demo] [           main] org.hibernate.type.BasicTypeRegistry     : Adding type registration OffsetTimeWithTimezone -> org.hibernate.type.BasicTypeReference@2fd9fb34
2025-03-11T04:31:41.278+05:30 DEBUG 24572 --- [demo] [           main] org.hibernate.type.BasicTypeRegistry     : Adding type registration OffsetTimeWithoutTimezone -> org.hibernate.type.BasicTypeReference@1595d2b2
2025-03-11T04:31:41.278+05:30 DEBUG 24572 --- [demo] [           main] org.hibernate.type.BasicTypeRegistry     : Adding type registration ZonedDateTime -> org.hibernate.type.BasicTypeReference@20349058
2025-03-11T04:31:41.278+05:30 DEBUG 24572 --- [demo] [           main] org.hibernate.type.BasicTypeRegistry     : Adding type registration java.time.ZonedDateTime -> org.hibernate.type.BasicTypeReference@20349058
2025-03-11T04:31:41.279+05:30 DEBUG 24572 --- [demo] [           main] org.hibernate.type.BasicTypeRegistry     : Adding type registration ZonedDateTimeWithTimezone -> org.hibernate.type.BasicTypeReference@6cbb7a7d
2025-03-11T04:31:41.279+05:30 DEBUG 24572 --- [demo] [           main] org.hibernate.type.BasicTypeRegistry     : Adding type registration ZonedDateTimeWithoutTimezone -> org.hibernate.type.BasicTypeReference@cdb3c85
2025-03-11T04:31:41.279+05:30 DEBUG 24572 --- [demo] [           main] org.hibernate.type.BasicTypeRegistry     : Adding type registration date -> org.hibernate.type.BasicTypeReference@37606fee
2025-03-11T04:31:41.279+05:30 DEBUG 24572 --- [demo] [           main] org.hibernate.type.BasicTypeRegistry     : Adding type registration java.sql.Date -> org.hibernate.type.BasicTypeReference@37606fee
2025-03-11T04:31:41.279+05:30 DEBUG 24572 --- [demo] [           main] org.hibernate.type.BasicTypeRegistry     : Adding type registration time -> org.hibernate.type.BasicTypeReference@33d28f0a
2025-03-11T04:31:41.279+05:30 DEBUG 24572 --- [demo] [           main] org.hibernate.type.BasicTypeRegistry     : Adding type registration java.sql.Time -> org.hibernate.type.BasicTypeReference@33d28f0a
2025-03-11T04:31:41.279+05:30 DEBUG 24572 --- [demo] [           main] org.hibernate.type.BasicTypeRegistry     : Adding type registration timestamp -> org.hibernate.type.BasicTypeReference@48d739f
2025-03-11T04:31:41.279+05:30 DEBUG 24572 --- [demo] [           main] org.hibernate.type.BasicTypeRegistry     : Adding type registration java.sql.Timestamp -> org.hibernate.type.BasicTypeReference@48d739f
2025-03-11T04:31:41.279+05:30 DEBUG 24572 --- [demo] [           main] org.hibernate.type.BasicTypeRegistry     : Adding type registration java.util.Date -> org.hibernate.type.BasicTypeReference@48d739f
2025-03-11T04:31:41.279+05:30 DEBUG 24572 --- [demo] [           main] org.hibernate.type.BasicTypeRegistry     : Adding type registration calendar -> org.hibernate.type.BasicTypeReference@51e7589f
2025-03-11T04:31:41.279+05:30 DEBUG 24572 --- [demo] [           main] org.hibernate.type.BasicTypeRegistry     : Adding type registration java.util.Calendar -> org.hibernate.type.BasicTypeReference@51e7589f
2025-03-11T04:31:41.279+05:30 DEBUG 24572 --- [demo] [           main] org.hibernate.type.BasicTypeRegistry     : Adding type registration java.util.GregorianCalendar -> org.hibernate.type.BasicTypeReference@51e7589f
2025-03-11T04:31:41.279+05:30 DEBUG 24572 --- [demo] [           main] org.hibernate.type.BasicTypeRegistry     : Adding type registration calendar_date -> org.hibernate.type.BasicTypeReference@65cc5252
2025-03-11T04:31:41.280+05:30 DEBUG 24572 --- [demo] [           main] org.hibernate.type.BasicTypeRegistry     : Adding type registration calendar_time -> org.hibernate.type.BasicTypeReference@42c12b3e
2025-03-11T04:31:41.280+05:30 DEBUG 24572 --- [demo] [           main] org.hibernate.type.BasicTypeRegistry     : Adding type registration instant -> org.hibernate.type.BasicTypeReference@2dbfa972
2025-03-11T04:31:41.280+05:30 DEBUG 24572 --- [demo] [           main] org.hibernate.type.BasicTypeRegistry     : Adding type registration java.time.Instant -> org.hibernate.type.BasicTypeReference@2dbfa972
2025-03-11T04:31:41.280+05:30 DEBUG 24572 --- [demo] [           main] org.hibernate.type.BasicTypeRegistry     : Adding type registration uuid -> org.hibernate.type.BasicTypeReference@46f73ffa
2025-03-11T04:31:41.280+05:30 DEBUG 24572 --- [demo] [           main] org.hibernate.type.BasicTypeRegistry     : Adding type registration java.util.UUID -> org.hibernate.type.BasicTypeReference@46f73ffa
2025-03-11T04:31:41.280+05:30 DEBUG 24572 --- [demo] [           main] org.hibernate.type.BasicTypeRegistry     : Adding type registration pg-uuid -> org.hibernate.type.BasicTypeReference@46f73ffa
2025-03-11T04:31:41.280+05:30 DEBUG 24572 --- [demo] [           main] org.hibernate.type.BasicTypeRegistry     : Adding type registration uuid-binary -> org.hibernate.type.BasicTypeReference@41aebbb4
2025-03-11T04:31:41.280+05:30 DEBUG 24572 --- [demo] [           main] org.hibernate.type.BasicTypeRegistry     : Adding type registration uuid-char -> org.hibernate.type.BasicTypeReference@afde064
2025-03-11T04:31:41.280+05:30 DEBUG 24572 --- [demo] [           main] org.hibernate.type.BasicTypeRegistry     : Adding type registration class -> org.hibernate.type.BasicTypeReference@5a592c70
2025-03-11T04:31:41.280+05:30 DEBUG 24572 --- [demo] [           main] org.hibernate.type.BasicTypeRegistry     : Adding type registration java.lang.Class -> org.hibernate.type.BasicTypeReference@5a592c70
2025-03-11T04:31:41.280+05:30 DEBUG 24572 --- [demo] [           main] org.hibernate.type.BasicTypeRegistry     : Adding type registration currency -> org.hibernate.type.BasicTypeReference@252ec02e
2025-03-11T04:31:41.281+05:30 DEBUG 24572 --- [demo] [           main] org.hibernate.type.BasicTypeRegistry     : Adding type registration Currency -> org.hibernate.type.BasicTypeReference@252ec02e
2025-03-11T04:31:41.281+05:30 DEBUG 24572 --- [demo] [           main] org.hibernate.type.BasicTypeRegistry     : Adding type registration java.util.Currency -> org.hibernate.type.BasicTypeReference@252ec02e
2025-03-11T04:31:41.281+05:30 DEBUG 24572 --- [demo] [           main] org.hibernate.type.BasicTypeRegistry     : Adding type registration locale -> org.hibernate.type.BasicTypeReference@74f280bd
2025-03-11T04:31:41.281+05:30 DEBUG 24572 --- [demo] [           main] org.hibernate.type.BasicTypeRegistry     : Adding type registration java.util.Locale -> org.hibernate.type.BasicTypeReference@74f280bd
2025-03-11T04:31:41.281+05:30 DEBUG 24572 --- [demo] [           main] org.hibernate.type.BasicTypeRegistry     : Adding type registration serializable -> org.hibernate.type.BasicTypeReference@675b18ff
2025-03-11T04:31:41.281+05:30 DEBUG 24572 --- [demo] [           main] org.hibernate.type.BasicTypeRegistry     : Adding type registration java.io.Serializable -> org.hibernate.type.BasicTypeReference@675b18ff
2025-03-11T04:31:41.281+05:30 DEBUG 24572 --- [demo] [           main] org.hibernate.type.BasicTypeRegistry     : Adding type registration timezone -> org.hibernate.type.BasicTypeReference@34279b8a
2025-03-11T04:31:41.281+05:30 DEBUG 24572 --- [demo] [           main] org.hibernate.type.BasicTypeRegistry     : Adding type registration java.util.TimeZone -> org.hibernate.type.BasicTypeReference@34279b8a
2025-03-11T04:31:41.281+05:30 DEBUG 24572 --- [demo] [           main] org.hibernate.type.BasicTypeRegistry     : Adding type registration ZoneOffset -> org.hibernate.type.BasicTypeReference@687389a6
2025-03-11T04:31:41.281+05:30 DEBUG 24572 --- [demo] [           main] org.hibernate.type.BasicTypeRegistry     : Adding type registration java.time.ZoneOffset -> org.hibernate.type.BasicTypeReference@687389a6
2025-03-11T04:31:41.281+05:30 DEBUG 24572 --- [demo] [           main] org.hibernate.type.BasicTypeRegistry     : Adding type registration url -> org.hibernate.type.BasicTypeReference@8641b7d
2025-03-11T04:31:41.282+05:30 DEBUG 24572 --- [demo] [           main] org.hibernate.type.BasicTypeRegistry     : Adding type registration java.net.URL -> org.hibernate.type.BasicTypeReference@8641b7d
2025-03-11T04:31:41.282+05:30 DEBUG 24572 --- [demo] [           main] org.hibernate.type.BasicTypeRegistry     : Adding type registration vector -> org.hibernate.type.BasicTypeReference@37c7766e
2025-03-11T04:31:41.282+05:30 DEBUG 24572 --- [demo] [           main] org.hibernate.type.BasicTypeRegistry     : Adding type registration float_vector -> org.hibernate.type.BasicTypeReference@3fb450d7
2025-03-11T04:31:41.282+05:30 DEBUG 24572 --- [demo] [           main] org.hibernate.type.BasicTypeRegistry     : Adding type registration double_vector -> org.hibernate.type.BasicTypeReference@4b7ed03e
2025-03-11T04:31:41.282+05:30 DEBUG 24572 --- [demo] [           main] org.hibernate.type.BasicTypeRegistry     : Adding type registration byte_vector -> org.hibernate.type.BasicTypeReference@636985df
2025-03-11T04:31:41.282+05:30 DEBUG 24572 --- [demo] [           main] org.hibernate.type.BasicTypeRegistry     : Adding type registration row_version -> org.hibernate.type.BasicTypeReference@6f91fbda
2025-03-11T04:31:41.287+05:30 DEBUG 24572 --- [demo] [           main] org.hibernate.type.BasicTypeRegistry     : Adding type registration object -> org.hibernate.type.JavaObjectType@6075b369
2025-03-11T04:31:41.287+05:30 DEBUG 24572 --- [demo] [           main] org.hibernate.type.BasicTypeRegistry     : Adding type registration java.lang.Object -> org.hibernate.type.JavaObjectType@6075b369
2025-03-11T04:31:41.288+05:30 DEBUG 24572 --- [demo] [           main] org.hibernate.type.BasicTypeRegistry     : Adding type registration null -> org.hibernate.type.NullType@79df80a4
2025-03-11T04:31:41.288+05:30 DEBUG 24572 --- [demo] [           main] org.hibernate.type.BasicTypeRegistry     : Adding type registration imm_date -> org.hibernate.type.BasicTypeReference@130cfc47
2025-03-11T04:31:41.288+05:30 DEBUG 24572 --- [demo] [           main] org.hibernate.type.BasicTypeRegistry     : Adding type registration imm_time -> org.hibernate.type.BasicTypeReference@4eeab3e
2025-03-11T04:31:41.288+05:30 DEBUG 24572 --- [demo] [           main] org.hibernate.type.BasicTypeRegistry     : Adding type registration imm_timestamp -> org.hibernate.type.BasicTypeReference@2b6fb197
2025-03-11T04:31:41.288+05:30 DEBUG 24572 --- [demo] [           main] org.hibernate.type.BasicTypeRegistry     : Adding type registration imm_calendar -> org.hibernate.type.BasicTypeReference@2eb0cefe
2025-03-11T04:31:41.288+05:30 DEBUG 24572 --- [demo] [           main] org.hibernate.type.BasicTypeRegistry     : Adding type registration imm_calendar_date -> org.hibernate.type.BasicTypeReference@5a2ae1ab
2025-03-11T04:31:41.288+05:30 DEBUG 24572 --- [demo] [           main] org.hibernate.type.BasicTypeRegistry     : Adding type registration imm_calendar_time -> org.hibernate.type.BasicTypeReference@2bec068b
2025-03-11T04:31:41.288+05:30 DEBUG 24572 --- [demo] [           main] org.hibernate.type.BasicTypeRegistry     : Adding type registration imm_binary -> org.hibernate.type.BasicTypeReference@7d59e968
2025-03-11T04:31:41.288+05:30 DEBUG 24572 --- [demo] [           main] org.hibernate.type.BasicTypeRegistry     : Adding type registration imm_serializable -> org.hibernate.type.BasicTypeReference@55361f03
2025-03-11T04:31:41.294+05:30 DEBUG 24572 --- [demo] [           main] o.h.boot.internal.BootstrapContextImpl   : Injecting JPA temp ClassLoader [org.springframework.instrument.classloading.SimpleThrowawayClassLoader@3b4ef59f] into BootstrapContext; was [null]
2025-03-11T04:31:41.294+05:30 DEBUG 24572 --- [demo] [           main] o.h.boot.internal.ClassLoaderAccessImpl  : ClassLoaderAccessImpl#injectTempClassLoader(org.springframework.instrument.classloading.SimpleThrowawayClassLoader@3b4ef59f) [was null]
2025-03-11T04:31:41.294+05:30 DEBUG 24572 --- [demo] [           main] o.h.boot.internal.BootstrapContextImpl   : Injecting ScanEnvironment [org.hibernate.jpa.boot.internal.StandardJpaScanEnvironmentImpl@6b8b5020] into BootstrapContext; was [null]
2025-03-11T04:31:41.294+05:30 DEBUG 24572 --- [demo] [           main] o.h.boot.internal.BootstrapContextImpl   : Injecting ScanOptions [org.hibernate.boot.archive.scan.internal.StandardScanOptions@7d37ee0c] into BootstrapContext; was [org.hibernate.boot.archive.scan.internal.StandardScanOptions@5a7b309b]
2025-03-11T04:31:41.310+05:30 DEBUG 24572 --- [demo] [           main] o.h.j.b.i.PersistenceUnitInfoDescriptor  : Pushing class transformers for PU named 'default' on loading classloader jdk.internal.loader.ClassLoaders$AppClassLoader@70dea4e
2025-03-11T04:31:41.592+05:30  INFO 24572 --- [demo] [           main] o.s.o.j.p.SpringPersistenceUnitInfo      : No LoadTimeWeaver setup: ignoring JPA class transformer
2025-03-11T04:31:41.593+05:30 DEBUG 24572 --- [demo] [           main] o.h.boot.internal.BootstrapContextImpl   : Injecting JPA temp ClassLoader [null] into BootstrapContext; was [org.springframework.instrument.classloading.SimpleThrowawayClassLoader@3b4ef59f]
2025-03-11T04:31:41.593+05:30 DEBUG 24572 --- [demo] [           main] o.h.boot.internal.ClassLoaderAccessImpl  : ClassLoaderAccessImpl#injectTempClassLoader(null) [was org.springframework.instrument.classloading.SimpleThrowawayClassLoader@3b4ef59f]
2025-03-11T04:31:41.642+05:30 DEBUG 24572 --- [demo] [           main] com.zaxxer.hikari.HikariConfig           : HikariPool-1 - configuration:
2025-03-11T04:31:41.647+05:30 DEBUG 24572 --- [demo] [           main] com.zaxxer.hikari.HikariConfig           : allowPoolSuspension.............false
2025-03-11T04:31:41.648+05:30 DEBUG 24572 --- [demo] [           main] com.zaxxer.hikari.HikariConfig           : autoCommit......................true
2025-03-11T04:31:41.648+05:30 DEBUG 24572 --- [demo] [           main] com.zaxxer.hikari.HikariConfig           : catalog.........................none
2025-03-11T04:31:41.648+05:30 DEBUG 24572 --- [demo] [           main] com.zaxxer.hikari.HikariConfig           : connectionInitSql...............none
2025-03-11T04:31:41.648+05:30 DEBUG 24572 --- [demo] [           main] com.zaxxer.hikari.HikariConfig           : connectionTestQuery.............none
2025-03-11T04:31:41.650+05:30 DEBUG 24572 --- [demo] [           main] com.zaxxer.hikari.HikariConfig           : connectionTimeout...............30000
2025-03-11T04:31:41.650+05:30 DEBUG 24572 --- [demo] [           main] com.zaxxer.hikari.HikariConfig           : dataSource......................none
2025-03-11T04:31:41.650+05:30 DEBUG 24572 --- [demo] [           main] com.zaxxer.hikari.HikariConfig           : dataSourceClassName.............none
2025-03-11T04:31:41.651+05:30 DEBUG 24572 --- [demo] [           main] com.zaxxer.hikari.HikariConfig           : dataSourceJNDI..................none
2025-03-11T04:31:41.651+05:30 DEBUG 24572 --- [demo] [           main] com.zaxxer.hikari.HikariConfig           : dataSourceProperties............{password=<masked>}
2025-03-11T04:31:41.652+05:30 DEBUG 24572 --- [demo] [           main] com.zaxxer.hikari.HikariConfig           : driverClassName................."com.mysql.cj.jdbc.Driver"
2025-03-11T04:31:41.652+05:30 DEBUG 24572 --- [demo] [           main] com.zaxxer.hikari.HikariConfig           : exceptionOverrideClassName......none
2025-03-11T04:31:41.652+05:30 DEBUG 24572 --- [demo] [           main] com.zaxxer.hikari.HikariConfig           : healthCheckProperties...........{}
2025-03-11T04:31:41.652+05:30 DEBUG 24572 --- [demo] [           main] com.zaxxer.hikari.HikariConfig           : healthCheckRegistry.............none
2025-03-11T04:31:41.652+05:30 DEBUG 24572 --- [demo] [           main] com.zaxxer.hikari.HikariConfig           : idleTimeout.....................600000
2025-03-11T04:31:41.652+05:30 DEBUG 24572 --- [demo] [           main] com.zaxxer.hikari.HikariConfig           : initializationFailTimeout.......1
2025-03-11T04:31:41.653+05:30 DEBUG 24572 --- [demo] [           main] com.zaxxer.hikari.HikariConfig           : isolateInternalQueries..........false
2025-03-11T04:31:41.653+05:30 DEBUG 24572 --- [demo] [           main] com.zaxxer.hikari.HikariConfig           : jdbcUrl.........................jdbc:mysql://localhost:3306/dbkms?createDatabaseIfNotExist=true&useSSL=false&allowPublicKeyRetrieval=true
2025-03-11T04:31:41.653+05:30 DEBUG 24572 --- [demo] [           main] com.zaxxer.hikari.HikariConfig           : keepaliveTime...................0
2025-03-11T04:31:41.653+05:30 DEBUG 24572 --- [demo] [           main] com.zaxxer.hikari.HikariConfig           : leakDetectionThreshold..........0
2025-03-11T04:31:41.653+05:30 DEBUG 24572 --- [demo] [           main] com.zaxxer.hikari.HikariConfig           : maxLifetime.....................1800000
2025-03-11T04:31:41.653+05:30 DEBUG 24572 --- [demo] [           main] com.zaxxer.hikari.HikariConfig           : maximumPoolSize.................10
2025-03-11T04:31:41.654+05:30 DEBUG 24572 --- [demo] [           main] com.zaxxer.hikari.HikariConfig           : metricRegistry..................none
2025-03-11T04:31:41.654+05:30 DEBUG 24572 --- [demo] [           main] com.zaxxer.hikari.HikariConfig           : metricsTrackerFactory...........none
2025-03-11T04:31:41.654+05:30 DEBUG 24572 --- [demo] [           main] com.zaxxer.hikari.HikariConfig           : minimumIdle.....................10
2025-03-11T04:31:41.654+05:30 DEBUG 24572 --- [demo] [           main] com.zaxxer.hikari.HikariConfig           : password........................<masked>
2025-03-11T04:31:41.654+05:30 DEBUG 24572 --- [demo] [           main] com.zaxxer.hikari.HikariConfig           : poolName........................"HikariPool-1"
2025-03-11T04:31:41.654+05:30 DEBUG 24572 --- [demo] [           main] com.zaxxer.hikari.HikariConfig           : readOnly........................false
2025-03-11T04:31:41.654+05:30 DEBUG 24572 --- [demo] [           main] com.zaxxer.hikari.HikariConfig           : registerMbeans..................false
2025-03-11T04:31:41.654+05:30 DEBUG 24572 --- [demo] [           main] com.zaxxer.hikari.HikariConfig           : scheduledExecutor...............none
2025-03-11T04:31:41.654+05:30 DEBUG 24572 --- [demo] [           main] com.zaxxer.hikari.HikariConfig           : schema..........................none
2025-03-11T04:31:41.654+05:30 DEBUG 24572 --- [demo] [           main] com.zaxxer.hikari.HikariConfig           : threadFactory...................internal
2025-03-11T04:31:41.654+05:30 DEBUG 24572 --- [demo] [           main] com.zaxxer.hikari.HikariConfig           : transactionIsolation............default
2025-03-11T04:31:41.656+05:30 DEBUG 24572 --- [demo] [           main] com.zaxxer.hikari.HikariConfig           : username........................"root"
2025-03-11T04:31:41.656+05:30 DEBUG 24572 --- [demo] [           main] com.zaxxer.hikari.HikariConfig           : validationTimeout...............5000
2025-03-11T04:31:41.656+05:30  INFO 24572 --- [demo] [           main] com.zaxxer.hikari.HikariDataSource       : HikariPool-1 - Starting...
2025-03-11T04:31:41.926+05:30  INFO 24572 --- [demo] [           main] com.zaxxer.hikari.pool.HikariPool        : HikariPool-1 - Added connection com.mysql.cj.jdbc.ConnectionImpl@27db45f
2025-03-11T04:31:41.928+05:30  INFO 24572 --- [demo] [           main] com.zaxxer.hikari.HikariDataSource       : HikariPool-1 - Start completed.
2025-03-11T04:31:41.932+05:30 DEBUG 24572 --- [demo] [           main] o.h.e.j.e.i.JdbcEnvironmentInitiator     : Database ->
	   name : MySQL
	version : 5.5.5-10.4.32-MariaDB
	  major : 5
	  minor : 5
2025-03-11T04:31:41.934+05:30 DEBUG 24572 --- [demo] [           main] o.h.e.j.e.i.JdbcEnvironmentInitiator     : Driver ->
	   name : MySQL Connector/J
	version : mysql-connector-j-9.1.0 (Revision: cf2917ea44ae2e43a4514a33771035aa99de73bf)
	  major : 9
	  minor : 1
2025-03-11T04:31:41.934+05:30 DEBUG 24572 --- [demo] [           main] o.h.e.j.e.i.JdbcEnvironmentInitiator     : JDBC version : 4.2
2025-03-11T04:31:41.957+05:30  WARN 24572 --- [demo] [           main] org.hibernate.orm.deprecation            : HHH90000025: MySQL8Dialect does not need to be specified explicitly using 'hibernate.dialect' (remove the property setting and it will be selected by default)
2025-03-11T04:31:41.959+05:30 DEBUG 24572 --- [demo] [           main] org.hibernate.orm.dialect                : HHH035001: Using dialect: org.hibernate.dialect.MySQL8Dialect, version: 8.0
2025-03-11T04:31:41.959+05:30  WARN 24572 --- [demo] [           main] org.hibernate.orm.deprecation            : HHH90000026: MySQL8Dialect has been deprecated; use org.hibernate.dialect.MySQLDialect instead
2025-03-11T04:31:41.963+05:30 DEBUG 24572 --- [demo] [           main] o.h.e.j.env.spi.IdentifierHelperBuilder  : JDBC driver metadata reported database stores quoted identifiers in more than one case
2025-03-11T04:31:41.963+05:30 DEBUG 24572 --- [demo] [           main] o.h.e.j.env.spi.IdentifierHelperBuilder  : IdentifierCaseStrategy for both quoted and unquoted identifiers was set to the same strategy [LOWER]; that will likely lead to problems in schema update and validation if using quoted identifiers
2025-03-11T04:31:41.981+05:30  INFO 24572 --- [demo] [           main] org.hibernate.orm.connections.pooling    : HHH10001005: Database info:
	Database JDBC URL [Connecting through datasource 'HikariDataSource (HikariPool-1)']
	Database driver: undefined/unknown
	Database version: 8.0
	Autocommit mode: undefined/unknown
	Isolation level: undefined/unknown
	Minimum pool size: undefined/unknown
	Maximum pool size: undefined/unknown
2025-03-11T04:31:41.989+05:30 DEBUG 24572 --- [demo] [           main] o.h.t.d.sql.spi.DdlTypeRegistry          : addDescriptor(12, org.hibernate.type.descriptor.sql.internal.CapacityDependentDdlType@1ad1be5d) replaced previous registration(org.hibernate.type.descriptor.sql.internal.CapacityDependentDdlType@47797401)
2025-03-11T04:31:41.989+05:30 DEBUG 24572 --- [demo] [           main] o.h.t.d.sql.spi.DdlTypeRegistry          : addDescriptor(-9, org.hibernate.type.descriptor.sql.internal.CapacityDependentDdlType@702f4124) replaced previous registration(org.hibernate.type.descriptor.sql.internal.CapacityDependentDdlType@10166230)
2025-03-11T04:31:41.989+05:30 DEBUG 24572 --- [demo] [           main] o.h.t.d.sql.spi.DdlTypeRegistry          : addDescriptor(-3, org.hibernate.type.descriptor.sql.internal.CapacityDependentDdlType@7221539) replaced previous registration(org.hibernate.type.descriptor.sql.internal.CapacityDependentDdlType@b77b0a0)
2025-03-11T04:31:41.989+05:30 DEBUG 24572 --- [demo] [           main] o.h.t.d.sql.spi.DdlTypeRegistry          : addDescriptor(4003, org.hibernate.type.descriptor.sql.internal.DdlTypeImpl@15be68b) replaced previous registration(org.hibernate.type.descriptor.sql.internal.DdlTypeImpl@22ff1372)
2025-03-11T04:31:41.989+05:30 DEBUG 24572 --- [demo] [           main] o.h.t.d.sql.spi.DdlTypeRegistry          : addDescriptor(4001, org.hibernate.type.descriptor.sql.internal.DdlTypeImpl@356341c9) replaced previous registration(org.hibernate.type.descriptor.sql.internal.DdlTypeImpl@3a70575)
2025-03-11T04:31:41.990+05:30 DEBUG 24572 --- [demo] [           main] o.h.t.d.sql.spi.DdlTypeRegistry          : addDescriptor(4002, org.hibernate.type.descriptor.sql.internal.DdlTypeImpl@5d96d434) replaced previous registration(org.hibernate.type.descriptor.sql.internal.DdlTypeImpl@7283877)
2025-03-11T04:31:41.990+05:30 DEBUG 24572 --- [demo] [           main] o.h.t.d.sql.spi.DdlTypeRegistry          : addDescriptor(2004, org.hibernate.type.descriptor.sql.internal.CapacityDependentDdlType@286a4c52) replaced previous registration(org.hibernate.type.descriptor.sql.internal.DdlTypeImpl@13dd7887)
2025-03-11T04:31:41.990+05:30 DEBUG 24572 --- [demo] [           main] o.h.t.d.sql.spi.DdlTypeRegistry          : addDescriptor(2005, org.hibernate.type.descriptor.sql.internal.CapacityDependentDdlType@780129bc) replaced previous registration(org.hibernate.type.descriptor.sql.internal.DdlTypeImpl@3e2c4d4b)
2025-03-11T04:31:41.990+05:30 DEBUG 24572 --- [demo] [           main] o.h.t.d.sql.spi.DdlTypeRegistry          : addDescriptor(2011, org.hibernate.type.descriptor.sql.internal.CapacityDependentDdlType@44de8e00) replaced previous registration(org.hibernate.type.descriptor.sql.internal.DdlTypeImpl@3cbfdf5c)
2025-03-11T04:31:41.992+05:30 DEBUG 24572 --- [demo] [           main] o.h.t.d.jdbc.spi.JdbcTypeRegistry        : addDescriptor(NCharTypeDescriptor) replaced previous registration(CharTypeDescriptor)
2025-03-11T04:31:41.992+05:30 DEBUG 24572 --- [demo] [           main] o.h.t.d.jdbc.spi.JdbcTypeRegistry        : addDescriptor(NVarcharTypeDescriptor) replaced previous registration(VarcharTypeDescriptor)
2025-03-11T04:31:41.992+05:30 DEBUG 24572 --- [demo] [           main] o.h.t.d.jdbc.spi.JdbcTypeRegistry        : addDescriptor(LongNVarcharTypeDescriptor) replaced previous registration(LongVarcharTypeDescriptor)
2025-03-11T04:31:41.995+05:30 DEBUG 24572 --- [demo] [           main] o.h.t.d.jdbc.spi.JdbcTypeRegistry        : addDescriptor(NClobTypeDescriptor(DEFAULT)) replaced previous registration(ClobTypeDescriptor(DEFAULT))
2025-03-11T04:31:41.999+05:30 DEBUG 24572 --- [demo] [           main] org.hibernate.type.BasicTypeRegistry     : Adding type registration null -> org.hibernate.type.NullType@1e0294a7
2025-03-11T04:31:41.999+05:30 DEBUG 24572 --- [demo] [           main] org.hibernate.type.BasicTypeRegistry     : Type registration key [null] overrode previous entry : `org.hibernate.type.NullType@79df80a4`
2025-03-11T04:31:42.004+05:30 DEBUG 24572 --- [demo] [           main] org.hibernate.type.BasicTypeRegistry     : Adding type registration org.hibernate.type.DurationType -> basicType@1(java.time.Duration,3015)
2025-03-11T04:31:42.004+05:30 DEBUG 24572 --- [demo] [           main] org.hibernate.type.BasicTypeRegistry     : Adding type registration Duration -> basicType@1(java.time.Duration,3015)
2025-03-11T04:31:42.004+05:30 DEBUG 24572 --- [demo] [           main] org.hibernate.type.BasicTypeRegistry     : Adding type registration java.time.Duration -> basicType@1(java.time.Duration,3015)
2025-03-11T04:31:42.008+05:30 DEBUG 24572 --- [demo] [           main] org.hibernate.type.BasicTypeRegistry     : Adding type registration org.hibernate.type.OffsetDateTimeType -> basicType@2(java.time.OffsetDateTime,3003)
2025-03-11T04:31:42.008+05:30 DEBUG 24572 --- [demo] [           main] org.hibernate.type.BasicTypeRegistry     : Adding type registration OffsetDateTime -> basicType@2(java.time.OffsetDateTime,3003)
2025-03-11T04:31:42.008+05:30 DEBUG 24572 --- [demo] [           main] org.hibernate.type.BasicTypeRegistry     : Adding type registration java.time.OffsetDateTime -> basicType@2(java.time.OffsetDateTime,3003)
2025-03-11T04:31:42.008+05:30 DEBUG 24572 --- [demo] [           main] org.hibernate.type.BasicTypeRegistry     : Adding type registration org.hibernate.type.ZonedDateTimeType -> basicType@3(java.time.ZonedDateTime,3003)
2025-03-11T04:31:42.008+05:30 DEBUG 24572 --- [demo] [           main] org.hibernate.type.BasicTypeRegistry     : Adding type registration ZonedDateTime -> basicType@3(java.time.ZonedDateTime,3003)
2025-03-11T04:31:42.008+05:30 DEBUG 24572 --- [demo] [           main] org.hibernate.type.BasicTypeRegistry     : Adding type registration java.time.ZonedDateTime -> basicType@3(java.time.ZonedDateTime,3003)
2025-03-11T04:31:42.009+05:30 DEBUG 24572 --- [demo] [           main] org.hibernate.type.BasicTypeRegistry     : Adding type registration org.hibernate.type.OffsetTimeType -> basicType@4(java.time.OffsetTime,3007)
2025-03-11T04:31:42.009+05:30 DEBUG 24572 --- [demo] [           main] org.hibernate.type.BasicTypeRegistry     : Adding type registration OffsetTime -> basicType@4(java.time.OffsetTime,3007)
2025-03-11T04:31:42.009+05:30 DEBUG 24572 --- [demo] [           main] org.hibernate.type.BasicTypeRegistry     : Adding type registration java.time.OffsetTime -> basicType@4(java.time.OffsetTime,3007)
2025-03-11T04:31:42.010+05:30 DEBUG 24572 --- [demo] [           main] o.h.type.spi.TypeConfiguration$Scope     : Scoping TypeConfiguration [org.hibernate.type.spi.TypeConfiguration@75f4d8a8] to MetadataBuildingContext [org.hibernate.boot.internal.MetadataBuildingContextRootImpl@69ba72da]
2025-03-11T04:31:42.043+05:30 DEBUG 24572 --- [demo] [l-1 housekeeper] com.zaxxer.hikari.pool.HikariPool        : HikariPool-1 - Pool stats (total=1, active=0, idle=1, waiting=0)
2025-03-11T04:31:42.047+05:30 DEBUG 24572 --- [demo] [onnection adder] com.zaxxer.hikari.pool.HikariPool        : HikariPool-1 - Added connection com.mysql.cj.jdbc.ConnectionImpl@7cd79d7d
2025-03-11T04:31:42.047+05:30 DEBUG 24572 --- [demo] [           main] o.h.boot.model.relational.Namespace      : Created database namespace [logicalName=Name{catalog=null, schema=null}, physicalName=Name{catalog=null, schema=null}]
2025-03-11T04:31:42.076+05:30 DEBUG 24572 --- [demo] [           main] o.h.boot.model.internal.EntityBinder     : Binding entity from annotated class: com.example.demo.Entity.Employee
2025-03-11T04:31:42.085+05:30 DEBUG 24572 --- [demo] [           main] o.h.boot.model.internal.EntityBinder     : Import with entity name Employee
2025-03-11T04:31:42.090+05:30 DEBUG 24572 --- [demo] [onnection adder] com.zaxxer.hikari.pool.HikariPool        : HikariPool-1 - After adding stats (total=2, active=0, idle=2, waiting=0)
2025-03-11T04:31:42.093+05:30 DEBUG 24572 --- [demo] [           main] o.h.boot.model.internal.EntityBinder     : Bind entity com.example.demo.Entity.Employee on table employees
2025-03-11T04:31:42.094+05:30 DEBUG 24572 --- [demo] [onnection adder] com.zaxxer.hikari.pool.HikariPool        : HikariPool-1 - Added connection com.mysql.cj.jdbc.ConnectionImpl@4c61efa1
2025-03-11T04:31:42.105+05:30 DEBUG 24572 --- [demo] [           main] o.h.boot.model.internal.AnnotatedColumn  : Binding column: AnnotatedDiscriminatorColumn(column='DTYPE')
2025-03-11T04:31:42.126+05:30 DEBUG 24572 --- [demo] [           main] o.h.boot.model.internal.AnnotatedColumn  : Binding column: AnnotatedColumn()
2025-03-11T04:31:42.127+05:30 DEBUG 24572 --- [demo] [           main] o.h.boot.internal.ClassLoaderAccessImpl  : Not known whether passed class name [com.example.demo.Entity.Employee] is safe
2025-03-11T04:31:42.127+05:30 DEBUG 24572 --- [demo] [           main] o.h.boot.internal.ClassLoaderAccessImpl  : No temp ClassLoader provided; using live ClassLoader for loading potentially unsafe class : com.example.demo.Entity.Employee
2025-03-11T04:31:42.130+05:30 DEBUG 24572 --- [demo] [           main] o.h.boot.model.internal.PropertyBinder   : MetadataSourceProcessor property employeeid with lazy=false
2025-03-11T04:31:42.134+05:30 DEBUG 24572 --- [demo] [           main] o.h.b.m.internal.AbstractPropertyHolder  : Attempting to locate auto-apply AttributeConverter for property [com.example.demo.Entity.Employee:employeeid]
2025-03-11T04:31:42.137+05:30 DEBUG 24572 --- [demo] [onnection adder] com.zaxxer.hikari.pool.HikariPool        : HikariPool-1 - After adding stats (total=3, active=0, idle=3, waiting=0)
2025-03-11T04:31:42.140+05:30 DEBUG 24572 --- [demo] [           main] o.h.b.model.internal.BasicValueBinder    : building BasicValue for employeeid
2025-03-11T04:31:42.140+05:30 DEBUG 24572 --- [demo] [onnection adder] com.zaxxer.hikari.pool.HikariPool        : HikariPool-1 - Added connection com.mysql.cj.jdbc.ConnectionImpl@347c8967
2025-03-11T04:31:42.145+05:30 DEBUG 24572 --- [demo] [           main] org.hibernate.mapping.BasicValue         : Skipping column re-registration: employees.employeeid
2025-03-11T04:31:42.146+05:30 DEBUG 24572 --- [demo] [           main] o.h.boot.model.internal.PropertyBinder   : Building property employeeid
2025-03-11T04:31:42.150+05:30 DEBUG 24572 --- [demo] [           main] o.h.boot.model.internal.BinderHelper     : #makeIdGenerator(BasicValue([Column(employeeid)]), employeeid, identity, , ...)
2025-03-11T04:31:42.154+05:30 DEBUG 24572 --- [demo] [           main] o.h.boot.model.internal.AnnotatedColumn  : Binding column: AnnotatedColumn(column='email')
2025-03-11T04:31:42.154+05:30 DEBUG 24572 --- [demo] [           main] o.h.boot.model.internal.PropertyBinder   : MetadataSourceProcessor property email with lazy=false
2025-03-11T04:31:42.155+05:30 DEBUG 24572 --- [demo] [           main] o.h.b.m.internal.AbstractPropertyHolder  : Attempting to locate auto-apply AttributeConverter for property [com.example.demo.Entity.Employee:email]
2025-03-11T04:31:42.155+05:30 DEBUG 24572 --- [demo] [           main] o.h.b.model.internal.BasicValueBinder    : building BasicValue for email
2025-03-11T04:31:42.155+05:30 DEBUG 24572 --- [demo] [           main] org.hibernate.mapping.BasicValue         : Skipping column re-registration: employees.email
2025-03-11T04:31:42.155+05:30 DEBUG 24572 --- [demo] [           main] o.h.boot.model.internal.PropertyBinder   : Building property email
2025-03-11T04:31:42.155+05:30 DEBUG 24572 --- [demo] [           main] o.h.boot.model.internal.AnnotatedColumn  : Binding column: AnnotatedColumn(column='name')
2025-03-11T04:31:42.155+05:30 DEBUG 24572 --- [demo] [           main] o.h.boot.model.internal.PropertyBinder   : MetadataSourceProcessor property name with lazy=false
2025-03-11T04:31:42.155+05:30 DEBUG 24572 --- [demo] [           main] o.h.b.m.internal.AbstractPropertyHolder  : Attempting to locate auto-apply AttributeConverter for property [com.example.demo.Entity.Employee:name]
2025-03-11T04:31:42.156+05:30 DEBUG 24572 --- [demo] [           main] o.h.b.model.internal.BasicValueBinder    : building BasicValue for name
2025-03-11T04:31:42.156+05:30 DEBUG 24572 --- [demo] [           main] org.hibernate.mapping.BasicValue         : Skipping column re-registration: employees.name
2025-03-11T04:31:42.156+05:30 DEBUG 24572 --- [demo] [           main] o.h.boot.model.internal.PropertyBinder   : Building property name
2025-03-11T04:31:42.156+05:30 DEBUG 24572 --- [demo] [           main] o.h.boot.model.internal.AnnotatedColumn  : Binding column: AnnotatedColumn(column='password')
2025-03-11T04:31:42.156+05:30 DEBUG 24572 --- [demo] [           main] o.h.boot.model.internal.PropertyBinder   : MetadataSourceProcessor property password with lazy=false
2025-03-11T04:31:42.156+05:30 DEBUG 24572 --- [demo] [           main] o.h.b.m.internal.AbstractPropertyHolder  : Attempting to locate auto-apply AttributeConverter for property [com.example.demo.Entity.Employee:password]
2025-03-11T04:31:42.156+05:30 DEBUG 24572 --- [demo] [           main] o.h.b.model.internal.BasicValueBinder    : building BasicValue for password
2025-03-11T04:31:42.156+05:30 DEBUG 24572 --- [demo] [           main] org.hibernate.mapping.BasicValue         : Skipping column re-registration: employees.password
2025-03-11T04:31:42.156+05:30 DEBUG 24572 --- [demo] [           main] o.h.boot.model.internal.PropertyBinder   : Building property password
2025-03-11T04:31:42.158+05:30 DEBUG 24572 --- [demo] [           main] o.h.b.r.c.i.ClassLoaderServiceImpl       : HHH000194: Package not found or no package-info.java: com.example.demo.Entity
2025-03-11T04:31:42.165+05:30 DEBUG 24572 --- [demo] [           main] o.h.b.model.internal.BasicValueBinder    : Starting `BasicValueBinder#fillSimpleValue` for employeeid
2025-03-11T04:31:42.165+05:30 DEBUG 24572 --- [demo] [           main] o.h.b.model.internal.BasicValueBinder    : Starting `BasicValueBinder#fillSimpleValue` for email
2025-03-11T04:31:42.166+05:30 DEBUG 24572 --- [demo] [           main] o.h.b.model.internal.BasicValueBinder    : Starting `BasicValueBinder#fillSimpleValue` for name
2025-03-11T04:31:42.166+05:30 DEBUG 24572 --- [demo] [           main] o.h.b.model.internal.BasicValueBinder    : Starting `BasicValueBinder#fillSimpleValue` for password
2025-03-11T04:31:42.171+05:30 DEBUG 24572 --- [demo] [           main] org.hibernate.mapping.PrimaryKey         : Forcing column [employeeid] to be non-null as it is part of the primary key for table [employees]
2025-03-11T04:31:42.184+05:30 DEBUG 24572 --- [demo] [onnection adder] com.zaxxer.hikari.pool.HikariPool        : HikariPool-1 - After adding stats (total=4, active=0, idle=4, waiting=0)
2025-03-11T04:31:42.187+05:30 DEBUG 24572 --- [demo] [onnection adder] com.zaxxer.hikari.pool.HikariPool        : HikariPool-1 - Added connection com.mysql.cj.jdbc.ConnectionImpl@1e9a98f7
2025-03-11T04:31:42.232+05:30 DEBUG 24572 --- [demo] [onnection adder] com.zaxxer.hikari.pool.HikariPool        : HikariPool-1 - After adding stats (total=5, active=0, idle=5, waiting=0)
2025-03-11T04:31:42.235+05:30 DEBUG 24572 --- [demo] [onnection adder] com.zaxxer.hikari.pool.HikariPool        : HikariPool-1 - Added connection com.mysql.cj.jdbc.ConnectionImpl@2f78e1b3
2025-03-11T04:31:42.238+05:30 DEBUG 24572 --- [demo] [           main] o.hibernate.internal.SessionFactoryImpl  : Building session factory
2025-03-11T04:31:42.279+05:30 DEBUG 24572 --- [demo] [onnection adder] com.zaxxer.hikari.pool.HikariPool        : HikariPool-1 - After adding stats (total=6, active=0, idle=6, waiting=0)
2025-03-11T04:31:42.289+05:30 DEBUG 24572 --- [demo] [onnection adder] com.zaxxer.hikari.pool.HikariPool        : HikariPool-1 - Added connection com.mysql.cj.jdbc.ConnectionImpl@131c3793
2025-03-11T04:31:42.295+05:30 DEBUG 24572 --- [demo] [           main] .h.s.i.SessionFactoryServiceRegistryImpl : EventListenerRegistry access via ServiceRegistry is deprecated.  Use `sessionFactory.getEventEngine().getListenerRegistry()` instead
[...]
      Did not match:
         - @ConditionalOnClass did not find required class 'org.apache.catalina.startup.Tomcat' (OnClassCondition)

   WebSocketServletAutoConfiguration.UndertowWebSocketConfiguration:
      Did not match:
         - @ConditionalOnClass did not find required class 'io.undertow.websockets.jsr.Bootstrap' (OnClassCondition)

   XADataSourceAutoConfiguration:
      Did not match:
         - @ConditionalOnBean (types: org.springframework.boot.jdbc.XADataSourceWrapper; SearchStrategy: all) did not find any beans of type org.springframework.boot.jdbc.XADataSourceWrapper (OnBeanCondition)
      Matched:
         - @ConditionalOnClass found required classes 'javax.sql.DataSource', 'jakarta.transaction.TransactionManager', 'org.springframework.jdbc.datasource.embedded.EmbeddedDatabaseType' (OnClassCondition)


Exclusions:
-----------

    org.springframework.boot.autoconfigure.security.servlet.SecurityAutoConfiguration


Unconditional classes:
----------------------

    org.springframework.boot.autoconfigure.context.ConfigurationPropertiesAutoConfiguration

    org.springframework.boot.autoconfigure.ssl.SslAutoConfiguration

    org.springframework.boot.autoconfigure.context.LifecycleAutoConfiguration

    org.springframework.boot.autoconfigure.context.PropertyPlaceholderAutoConfiguration

    org.springframework.boot.autoconfigure.availability.ApplicationAvailabilityAutoConfiguration

    org.springframework.boot.autoconfigure.info.ProjectInfoAutoConfiguration



2025-03-11T04:31:44.330+05:30  INFO 24572 --- [demo] [           main] com.example.demo.DemoApplicationTests    : Started DemoApplicationTests in 5.09 seconds (process running for 6.107)
2025-03-11T04:31:44.332+05:30 DEBUG 24572 --- [demo] [           main] o.s.b.a.ApplicationAvailabilityBean      : Application availability state LivenessState changed to CORRECT
2025-03-11T04:31:44.336+05:30 DEBUG 24572 --- [demo] [           main] o.s.b.a.ApplicationAvailabilityBean      : Application availability state ReadinessState changed to ACCEPTING_TRAFFIC
2025-03-11T04:31:44.339+05:30 DEBUG 24572 --- [demo] [           main] org.springframework.test.context.cache   : Spring test ApplicationContext cache statistics: [DefaultContextCache@4778c085 size = 1, maxSize = 32, parentContextCount = 0, hitCount = 0, missCount = 1, failureCount = 0]
2025-03-11T04:31:44.339+05:30 DEBUG 24572 --- [demo] [           main] o.s.t.c.w.ServletTestExecutionListener   : Setting up MockHttpServletRequest, MockHttpServletResponse, ServletWebRequest, and RequestContextHolder for test class com.example.demo.DemoApplicationTests
2025-03-11T04:31:44.358+05:30 DEBUG 24572 --- [demo] [           main] DependencyInjectionTestExecutionListener : Performing dependency injection for test class com.example.demo.DemoApplicationTests
2025-03-11T04:31:44.359+05:30 DEBUG 24572 --- [demo] [           main] org.springframework.test.context.cache   : Spring test ApplicationContext cache statistics: [DefaultContextCache@4778c085 size = 1, maxSize = 32, parentContextCount = 0, hitCount = 1, missCount = 1, failureCount = 0]
2025-03-11T04:31:44.360+05:30 DEBUG 24572 --- [demo] [           main] org.springframework.test.context.cache   : Spring test ApplicationContext cache statistics: [DefaultContextCache@4778c085 size = 1, maxSize = 32, parentContextCount = 0, hitCount = 2, missCount = 1, failureCount = 0]
2025-03-11T04:31:44.368+05:30 DEBUG 24572 --- [demo] [           main] sContextBeforeModesTestExecutionListener : Before test method: class [DemoApplicationTests], method [contextLoads], class annotated with @DirtiesContext [false] with mode [null], method annotated with @DirtiesContext [false] with mode [null]
2025-03-11T04:31:44.371+05:30 DEBUG 24572 --- [demo] [           main] org.springframework.test.context.cache   : Spring test ApplicationContext cache statistics: [DefaultContextCache@4778c085 size = 1, maxSize = 32, parentContextCount = 0, hitCount = 3, missCount = 1, failureCount = 0]
2025-03-11T04:31:44.371+05:30 DEBUG 24572 --- [demo] [           main] org.springframework.test.context.cache   : Spring test ApplicationContext cache statistics: [DefaultContextCache@4778c085 size = 1, maxSize = 32, parentContextCount = 0, hitCount = 4, missCount = 1, failureCount = 0]
2025-03-11T04:31:44.434+05:30 DEBUG 24572 --- [demo] [           main] java.lang.ProcessBuilder                 : ProcessBuilder.start(): pid: 9652, dir: null, cmd: "C:\Program Files\Java\jdk-21\bin\java.exe"

java.lang.RuntimeException: ProcessBuilder.start() debug
	at java.base/java.lang.ProcessBuilder.start(ProcessBuilder.java:1147) ~[na:na]
	at java.base/java.lang.ProcessBuilder.start(ProcessBuilder.java:1089) ~[na:na]
	at net.bytebuddy.agent.ByteBuddyAgent.installExternal(ByteBuddyAgent.java:673) ~[byte-buddy-agent-1.15.11.jar:na]
	at net.bytebuddy.agent.ByteBuddyAgent.install(ByteBuddyAgent.java:604) ~[byte-buddy-agent-1.15.11.jar:na]
	at net.bytebuddy.agent.ByteBuddyAgent.install(ByteBuddyAgent.java:584) ~[byte-buddy-agent-1.15.11.jar:na]
	at net.bytebuddy.agent.ByteBuddyAgent.install(ByteBuddyAgent.java:536) ~[byte-buddy-agent-1.15.11.jar:na]
	at net.bytebuddy.agent.ByteBuddyAgent.install(ByteBuddyAgent.java:513) ~[byte-buddy-agent-1.15.11.jar:na]
	at org.mockito.internal.PremainAttachAccess.getInstrumentation(PremainAttachAccess.java:49) ~[mockito-core-5.14.2.jar:na]
	at org.mockito.internal.creation.bytebuddy.InlineDelegateByteBuddyMockMaker.<clinit>(InlineDelegateByteBuddyMockMaker.java:138) ~[mockito-core-5.14.2.jar:na]
	at org.mockito.internal.creation.bytebuddy.InlineByteBuddyMockMaker.<init>(InlineByteBuddyMockMaker.java:23) ~[mockito-core-5.14.2.jar:na]
	at java.base/jdk.internal.reflect.DirectConstructorHandleAccessor.newInstance(DirectConstructorHandleAccessor.java:62) ~[na:na]
	at java.base/java.lang.reflect.Constructor.newInstanceWithCaller(Constructor.java:502) ~[na:na]
	at java.base/java.lang.reflect.Constructor.newInstance(Constructor.java:486) ~[na:na]
	at org.mockito.internal.configuration.plugins.DefaultMockitoPlugins.create(DefaultMockitoPlugins.java:103) ~[mockito-core-5.14.2.jar:na]
	at org.mockito.internal.configuration.plugins.DefaultMockitoPlugins.getDefaultPlugin(DefaultMockitoPlugins.java:79) ~[mockito-core-5.14.2.jar:na]
	at org.mockito.internal.configuration.plugins.PluginLoader.loadPlugin(PluginLoader.java:75) ~[mockito-core-5.14.2.jar:na]
	at org.mockito.internal.configuration.plugins.PluginLoader.loadPlugin(PluginLoader.java:49) ~[mockito-core-5.14.2.jar:na]
	at org.mockito.internal.configuration.plugins.PluginRegistry.<init>(PluginRegistry.java:29) ~[mockito-core-5.14.2.jar:na]
	at org.mockito.internal.configuration.plugins.Plugins.<clinit>(Plugins.java:26) ~[mockito-core-5.14.2.jar:na]
	at org.mockito.internal.MockitoCore.<clinit>(MockitoCore.java:71) ~[mockito-core-5.14.2.jar:na]
	at org.mockito.Mockito.<clinit>(Mockito.java:1741) ~[mockito-core-5.14.2.jar:na]
	at org.springframework.boot.test.mock.mockito.MockReset.get(MockReset.java:109) ~[spring-boot-test-3.4.3.jar:3.4.3]
	at org.springframework.boot.test.mock.mockito.ResetMocksTestExecutionListener.resetMocks(ResetMocksTestExecutionListener.java:89) ~[spring-boot-test-3.4.3.jar:3.4.3]
	at org.springframework.boot.test.mock.mockito.ResetMocksTestExecutionListener.resetMocks(ResetMocksTestExecutionListener.java:77) ~[spring-boot-test-3.4.3.jar:3.4.3]
	at org.springframework.boot.test.mock.mockito.ResetMocksTestExecutionListener.beforeTestMethod(ResetMocksTestExecutionListener.java:64) ~[spring-boot-test-3.4.3.jar:3.4.3]
	at org.springframework.test.context.TestContextManager.beforeTestMethod(TestContextManager.java:320) ~[spring-test-6.2.3.jar:6.2.3]
	at org.springframework.test.context.junit.jupiter.SpringExtension.beforeEach(SpringExtension.java:237) ~[spring-test-6.2.3.jar:6.2.3]
	at org.junit.jupiter.engine.descriptor.TestMethodTestDescriptor.lambda$invokeBeforeEachCallbacks$3(TestMethodTestDescriptor.java:166) ~[junit-jupiter-engine-5.11.4.jar:5.11.4]
	at org.junit.jupiter.engine.descriptor.TestMethodTestDescriptor.lambda$invokeBeforeMethodsOrCallbacksUntilExceptionOccurs$7(TestMethodTestDescriptor.java:202) ~[junit-jupiter-engine-5.11.4.jar:5.11.4]
	at org.junit.platform.engine.support.hierarchical.ThrowableCollector.execute(ThrowableCollector.java:73) ~[junit-platform-engine-1.11.4.jar:1.11.4]
	at org.junit.jupiter.engine.descriptor.TestMethodTestDescriptor.invokeBeforeMethodsOrCallbacksUntilExceptionOccurs(TestMethodTestDescriptor.java:202) ~[junit-jupiter-engine-5.11.4.jar:5.11.4]
	at org.junit.jupiter.engine.descriptor.TestMethodTestDescriptor.invokeBeforeEachCallbacks(TestMethodTestDescriptor.java:165) ~[junit-jupiter-engine-5.11.4.jar:5.11.4]
	at org.junit.jupiter.engine.descriptor.TestMethodTestDescriptor.execute(TestMethodTestDescriptor.java:132) ~[junit-jupiter-engine-5.11.4.jar:5.11.4]
	at org.junit.jupiter.engine.descriptor.TestMethodTestDescriptor.execute(TestMethodTestDescriptor.java:68) ~[junit-jupiter-engine-5.11.4.jar:5.11.4]
	at org.junit.platform.engine.support.hierarchical.NodeTestTask.lambda$executeRecursively$6(NodeTestTask.java:156) ~[junit-platform-engine-1.11.4.jar:1.11.4]
	at org.junit.platform.engine.support.hierarchical.ThrowableCollector.execute(ThrowableCollector.java:73) ~[junit-platform-engine-1.11.4.jar:1.11.4]
	at org.junit.platform.engine.support.hierarchical.NodeTestTask.lambda$executeRecursively$8(NodeTestTask.java:146) ~[junit-platform-engine-1.11.4.jar:1.11.4]
	at org.junit.platform.engine.support.hierarchical.Node.around(Node.java:137) ~[junit-platform-engine-1.11.4.jar:1.11.4]
	at org.junit.platform.engine.support.hierarchical.NodeTestTask.lambda$executeRecursively$9(NodeTestTask.java:144) ~[junit-platform-engine-1.11.4.jar:1.11.4]
	at org.junit.platform.engine.support.hierarchical.ThrowableCollector.execute(ThrowableCollector.java:73) ~[junit-platform-engine-1.11.4.jar:1.11.4]
	at org.junit.platform.engine.support.hierarchical.NodeTestTask.executeRecursively(NodeTestTask.java:143) ~[junit-platform-engine-1.11.4.jar:1.11.4]
	at org.junit.platform.engine.support.hierarchical.NodeTestTask.execute(NodeTestTask.java:100) ~[junit-platform-engine-1.11.4.jar:1.11.4]
	at java.base/java.util.ArrayList.forEach(ArrayList.java:1596) ~[na:na]
	at org.junit.platform.engine.support.hierarchical.SameThreadHierarchicalTestExecutorService.invokeAll(SameThreadHierarchicalTestExecutorService.java:41) ~[junit-platform-engine-1.11.4.jar:1.11.4]
	at org.junit.platform.engine.support.hierarchical.NodeTestTask.lambda$executeRecursively$6(NodeTestTask.java:160) ~[junit-platform-engine-1.11.4.jar:1.11.4]
	at org.junit.platform.engine.support.hierarchical.ThrowableCollector.execute(ThrowableCollector.java:73) ~[junit-platform-engine-1.11.4.jar:1.11.4]
	at org.junit.platform.engine.support.hierarchical.NodeTestTask.lambda$executeRecursively$8(NodeTestTask.java:146) ~[junit-platform-engine-1.11.4.jar:1.11.4]
	at org.junit.platform.engine.support.hierarchical.Node.around(Node.java:137) ~[junit-platform-engine-1.11.4.jar:1.11.4]
	at org.junit.platform.engine.support.hierarchical.NodeTestTask.lambda$executeRecursively$9(NodeTestTask.java:144) ~[junit-platform-engine-1.11.4.jar:1.11.4]
	at org.junit.platform.engine.support.hierarchical.ThrowableCollector.execute(ThrowableCollector.java:73) ~[junit-platform-engine-1.11.4.jar:1.11.4]
	at org.junit.platform.engine.support.hierarchical.NodeTestTask.executeRecursively(NodeTestTask.java:143) ~[junit-platform-engine-1.11.4.jar:1.11.4]
	at org.junit.platform.engine.support.hierarchical.NodeTestTask.execute(NodeTestTask.java:100) ~[junit-platform-engine-1.11.4.jar:1.11.4]
	at java.base/java.util.ArrayList.forEach(ArrayList.java:1596) ~[na:na]
	at org.junit.platform.engine.support.hierarchical.SameThreadHierarchicalTestExecutorService.invokeAll(SameThreadHierarchicalTestExecutorService.java:41) ~[junit-platform-engine-1.11.4.jar:1.11.4]
	at org.junit.platform.engine.support.hierarchical.NodeTestTask.lambda$executeRecursively$6(NodeTestTask.java:160) ~[junit-platform-engine-1.11.4.jar:1.11.4]
	at org.junit.platform.engine.support.hierarchical.ThrowableCollector.execute(ThrowableCollector.java:73) ~[junit-platform-engine-1.11.4.jar:1.11.4]
	at org.junit.platform.engine.support.hierarchical.NodeTestTask.lambda$executeRecursively$8(NodeTestTask.java:146) ~[junit-platform-engine-1.11.4.jar:1.11.4]
	at org.junit.platform.engine.support.hierarchical.Node.around(Node.java:137) ~[junit-platform-engine-1.11.4.jar:1.11.4]
	at org.junit.platform.engine.support.hierarchical.NodeTestTask.lambda$executeRecursively$9(NodeTestTask.java:144) ~[junit-platform-engine-1.11.4.jar:1.11.4]
	at org.junit.platform.engine.support.hierarchical.ThrowableCollector.execute(ThrowableCollector.java:73) ~[junit-platform-engine-1.11.4.jar:1.11.4]
	at org.junit.platform.engine.support.hierarchical.NodeTestTask.executeRecursively(NodeTestTask.java:143) ~[junit-platform-engine-1.11.4.jar:1.11.4]
	at org.junit.platform.engine.support.hierarchical.NodeTestTask.execute(NodeTestTask.java:100) ~[junit-platform-engine-1.11.4.jar:1.11.4]
	at org.junit.platform.engine.support.hierarchical.SameThreadHierarchicalTestExecutorService.submit(SameThreadHierarchicalTestExecutorService.java:35) ~[junit-platform-engine-1.11.4.jar:1.11.4]
	at org.junit.platform.engine.support.hierarchical.HierarchicalTestExecutor.execute(HierarchicalTestExecutor.java:57) ~[junit-platform-engine-1.11.4.jar:1.11.4]
	at org.junit.platform.engine.support.hierarchical.HierarchicalTestEngine.execute(HierarchicalTestEngine.java:54) ~[junit-platform-engine-1.11.4.jar:1.11.4]
	at org.junit.platform.launcher.core.EngineExecutionOrchestrator.execute(EngineExecutionOrchestrator.java:198) ~[junit-platform-launcher-1.11.4.jar:1.11.4]
	at org.junit.platform.launcher.core.EngineExecutionOrchestrator.execute(EngineExecutionOrchestrator.java:169) ~[junit-platform-launcher-1.11.4.jar:1.11.4]
	at org.junit.platform.launcher.core.EngineExecutionOrchestrator.execute(EngineExecutionOrchestrator.java:93) ~[junit-platform-launcher-1.11.4.jar:1.11.4]
	at org.junit.platform.launcher.core.EngineExecutionOrchestrator.lambda$execute$0(EngineExecutionOrchestrator.java:58) ~[junit-platform-launcher-1.11.4.jar:1.11.4]
	at org.junit.platform.launcher.core.EngineExecutionOrchestrator.withInterceptedStreams(EngineExecutionOrchestrator.java:141) ~[junit-platform-launcher-1.11.4.jar:1.11.4]
	at org.junit.platform.launcher.core.EngineExecutionOrchestrator.execute(EngineExecutionOrchestrator.java:57) ~[junit-platform-launcher-1.11.4.jar:1.11.4]
	at org.junit.platform.launcher.core.DefaultLauncher.execute(DefaultLauncher.java:103) ~[junit-platform-launcher-1.11.4.jar:1.11.4]
	at org.junit.platform.launcher.core.DefaultLauncher.execute(DefaultLauncher.java:85) ~[junit-platform-launcher-1.11.4.jar:1.11.4]
	at org.junit.platform.launcher.core.DelegatingLauncher.execute(DelegatingLauncher.java:47) ~[junit-platform-launcher-1.11.4.jar:1.11.4]
	at org.apache.maven.surefire.junitplatform.LazyLauncher.execute(LazyLauncher.java:56) ~[surefire-junit-platform-3.2.5.jar:3.2.5]
	at org.apache.maven.surefire.junitplatform.JUnitPlatformProvider.execute(JUnitPlatformProvider.java:184) ~[surefire-junit-platform-3.2.5.jar:3.2.5]
	at org.apache.maven.surefire.junitplatform.JUnitPlatformProvider.invokeAllTests(JUnitPlatformProvider.java:148) ~[surefire-junit-platform-3.2.5.jar:3.2.5]
	at org.apache.maven.surefire.junitplatform.JUnitPlatformProvider.invoke(JUnitPlatformProvider.java:122) ~[surefire-junit-platform-3.2.5.jar:3.2.5]
	at org.apache.maven.surefire.booter.ForkedBooter.runSuitesInProcess(ForkedBooter.java:385) ~[surefire-booter-3.2.5.jar:3.2.5]
	at org.apache.maven.surefire.booter.ForkedBooter.execute(ForkedBooter.java:162) ~[surefire-booter-3.2.5.jar:3.2.5]
	at org.apache.maven.surefire.booter.ForkedBooter.run(ForkedBooter.java:507) ~[surefire-booter-3.2.5.jar:3.2.5]
	at org.apache.maven.surefire.booter.ForkedBooter.main(ForkedBooter.java:495) ~[surefire-booter-3.2.5.jar:3.2.5]

2025-03-11T04:31:44.840+05:30 DEBUG 24572 --- [demo] [           main] org.springframework.test.context.cache   : Spring test ApplicationContext cache statistics: [DefaultContextCache@4778c085 size = 1, maxSize = 32, parentContextCount = 0, hitCount = 5, missCount = 1, failureCount = 0]
2025-03-11T04:31:44.843+05:30 DEBUG 24572 --- [demo] [           main] org.springframework.test.context.cache   : Spring test ApplicationContext cache statistics: [DefaultContextCache@4778c085 size = 1, maxSize = 32, parentContextCount = 0, hitCount = 6, missCount = 1, failureCount = 0]
2025-03-11T04:31:44.847+05:30 DEBUG 24572 --- [demo] [           main] org.springframework.test.context.cache   : Spring test ApplicationContext cache statistics: [DefaultContextCache@4778c085 size = 1, maxSize = 32, parentContextCount = 0, hitCount = 7, missCount = 1, failureCount = 0]
2025-03-11T04:31:44.848+05:30 DEBUG 24572 --- [demo] [           main] org.springframework.test.context.cache   : Spring test ApplicationContext cache statistics: [DefaultContextCache@4778c085 size = 1, maxSize = 32, parentContextCount = 0, hitCount = 8, missCount = 1, failureCount = 0]
2025-03-11T04:31:44.848+05:30 DEBUG 24572 --- [demo] [           main] org.springframework.test.context.cache   : Spring test ApplicationContext cache statistics: [DefaultContextCache@4778c085 size = 1, maxSize = 32, parentContextCount = 0, hitCount = 9, missCount = 1, failureCount = 0]
2025-03-11T04:31:44.848+05:30 DEBUG 24572 --- [demo] [           main] org.springframework.test.context.cache   : Spring test ApplicationContext cache statistics: [DefaultContextCache@4778c085 size = 1, maxSize = 32, parentContextCount = 0, hitCount = 10, missCount = 1, failureCount = 0]
2025-03-11T04:31:44.849+05:30 DEBUG 24572 --- [demo] [           main] org.springframework.test.context.cache   : Spring test ApplicationContext cache statistics: [DefaultContextCache@4778c085 size = 1, maxSize = 32, parentContextCount = 0, hitCount = 11, missCount = 1, failureCount = 0]
2025-03-11T04:31:44.850+05:30 DEBUG 24572 --- [demo] [           main] org.springframework.test.context.cache   : Spring test ApplicationContext cache statistics: [DefaultContextCache@4778c085 size = 1, maxSize = 32, parentContextCount = 0, hitCount = 12, missCount = 1, failureCount = 0]
2025-03-11T04:31:44.851+05:30 DEBUG 24572 --- [demo] [           main] org.springframework.test.context.cache   : Spring test ApplicationContext cache statistics: [DefaultContextCache@4778c085 size = 1, maxSize = 32, parentContextCount = 0, hitCount = 13, missCount = 1, failureCount = 0]
2025-03-11T04:31:44.851+05:30 DEBUG 24572 --- [demo] [           main] .c.s.DirtiesContextTestExecutionListener : After test method: class [DemoApplicationTests], method [contextLoads], class annotated with @DirtiesContext [false] with mode [null], method annotated with @DirtiesContext [false] with mode [null]
2025-03-11T04:31:44.851+05:30 DEBUG 24572 --- [demo] [           main] o.s.t.c.w.ServletTestExecutionListener   : Resetting RequestContextHolder for test class com.example.demo.DemoApplicationTests
]]></system-out>
    <system-err><![CDATA[Mockito is currently self-attaching to enable the inline-mock-maker. This will no longer work in future releases of the JDK. Please add Mockito as an agent to your build what is described in Mockito's documentation: https://javadoc.io/doc/org.mockito/mockito-core/latest/org/mockito/Mockito.html#0.3
WARNING: A Java agent has been loaded dynamically (C:\Users\erand\.m2\repository\net\bytebuddy\byte-buddy-agent\1.15.11\byte-buddy-agent-1.15.11.jar)
WARNING: If a serviceability tool is in use, please run with -XX:+EnableDynamicAgentLoading to hide this warning
WARNING: If a serviceability tool is not in use, please run with -Djdk.instrument.traceUsage for more information
WARNING: Dynamic loading of agents will be disallowed by default in a future release
]]></system-err>
  </testcase>
</testsuite>